[WARNING] 
[WARNING] Some problems were encountered while building the effective settings
[WARNING] Expected root element 'settings' but found 'project' (position: START_TAG seen ...apache.org/POM/4.0.0 http://maven.apache.org/xsd/maven-4.0.0.xsd">... @4:109)  @ /home/circleci/project/pom.xml, line 4, column 109
[WARNING] 
[INFO] Scanning for projects...
[INFO] 
[INFO] ------------------------------< HW2:HW2 >-------------------------------
[INFO] Building HW2 1.0-SNAPSHOT
[INFO] --------------------------------[ jar ]---------------------------------
[INFO] 
[INFO] --- maven-resources-plugin:2.6:resources (default-resources) @ HW2 ---
Downloading from central: https://repo.maven.apache.org/maven2/org/apache/maven/maven-core/2.0.6/maven-core-2.0.6.pom
Progress (1): 2.7/6.7 kBProgress (1): 5.5/6.7 kBProgress (1): 6.7 kB                        Downloaded from central: https://repo.maven.apache.org/maven2/org/apache/maven/maven-core/2.0.6/maven-core-2.0.6.pom (6.7 kB at 21 kB/s)
Downloading from central: https://repo.maven.apache.org/maven2/org/apache/maven/maven-plugin-parameter-documenter/2.0.6/maven-plugin-parameter-documenter-2.0.6.pom
Progress (1): 1.9 kB                    Downloaded from central: https://repo.maven.apache.org/maven2/org/apache/maven/maven-plugin-parameter-documenter/2.0.6/maven-plugin-parameter-documenter-2.0.6.pom (1.9 kB at 127 kB/s)
Downloading from central: https://repo.maven.apache.org/maven2/org/apache/maven/maven-error-diagnostics/2.0.6/maven-error-diagnostics-2.0.6.pom
Progress (1): 1.7 kB                    Downloaded from central: https://repo.maven.apache.org/maven2/org/apache/maven/maven-error-diagnostics/2.0.6/maven-error-diagnostics-2.0.6.pom (1.7 kB at 131 kB/s)
Downloading from central: https://repo.maven.apache.org/maven2/org/apache/maven/maven-plugin-descriptor/2.0.6/maven-plugin-descriptor-2.0.6.pom
Progress (1): 2.0 kB                    Downloaded from central: https://repo.maven.apache.org/maven2/org/apache/maven/maven-plugin-descriptor/2.0.6/maven-plugin-descriptor-2.0.6.pom (2.0 kB at 135 kB/s)
Downloading from central: https://repo.maven.apache.org/maven2/org/apache/maven/maven-monitor/2.0.6/maven-monitor-2.0.6.pom
Progress (1): 1.3 kB                    Downloaded from central: https://repo.maven.apache.org/maven2/org/apache/maven/maven-monitor/2.0.6/maven-monitor-2.0.6.pom (1.3 kB at 78 kB/s)
Downloading from central: https://repo.maven.apache.org/maven2/org/codehaus/plexus/plexus-utils/2.0.5/plexus-utils-2.0.5.pom
Progress (1): 2.7/3.3 kBProgress (1): 3.3 kB                        Downloaded from central: https://repo.maven.apache.org/maven2/org/codehaus/plexus/plexus-utils/2.0.5/plexus-utils-2.0.5.pom (3.3 kB at 175 kB/s)
Downloading from central: https://repo.maven.apache.org/maven2/org/codehaus/plexus/plexus/2.0.6/plexus-2.0.6.pom
Progress (1): 2.7/17 kBProgress (1): 5.5/17 kBProgress (1): 8.2/17 kBProgress (1): 11/17 kB Progress (1): 14/17 kBProgress (1): 16/17 kBProgress (1): 17 kB                      Downloaded from central: https://repo.maven.apache.org/maven2/org/codehaus/plexus/plexus/2.0.6/plexus-2.0.6.pom (17 kB at 1.3 MB/s)
Downloading from central: https://repo.maven.apache.org/maven2/org/apache/maven/shared/maven-filtering/1.1/maven-filtering-1.1.pom
Progress (1): 2.7/5.8 kBProgress (1): 5.5/5.8 kBProgress (1): 5.8 kB                        Downloaded from central: https://repo.maven.apache.org/maven2/org/apache/maven/shared/maven-filtering/1.1/maven-filtering-1.1.pom (5.8 kB at 643 kB/s)
Downloading from central: https://repo.maven.apache.org/maven2/org/codehaus/plexus/plexus-interpolation/1.12/plexus-interpolation-1.12.pom
Progress (1): 889 B                   Downloaded from central: https://repo.maven.apache.org/maven2/org/codehaus/plexus/plexus-interpolation/1.12/plexus-interpolation-1.12.pom (889 B at 127 kB/s)
Downloading from central: https://repo.maven.apache.org/maven2/org/sonatype/plexus/plexus-build-api/0.0.4/plexus-build-api-0.0.4.pom
Progress (1): 2.7/2.9 kBProgress (1): 2.9 kB                        Downloaded from central: https://repo.maven.apache.org/maven2/org/sonatype/plexus/plexus-build-api/0.0.4/plexus-build-api-0.0.4.pom (2.9 kB at 318 kB/s)
Downloading from central: https://repo.maven.apache.org/maven2/org/sonatype/spice/spice-parent/10/spice-parent-10.pom
Progress (1): 2.7/3.0 kBProgress (1): 3.0 kB                        Downloaded from central: https://repo.maven.apache.org/maven2/org/sonatype/spice/spice-parent/10/spice-parent-10.pom (3.0 kB at 335 kB/s)
Downloading from central: https://repo.maven.apache.org/maven2/org/sonatype/forge/forge-parent/3/forge-parent-3.pom
Progress (1): 2.7/5.0 kBProgress (1): 5.0 kB                        Downloaded from central: https://repo.maven.apache.org/maven2/org/sonatype/forge/forge-parent/3/forge-parent-3.pom (5.0 kB at 719 kB/s)
Downloading from central: https://repo.maven.apache.org/maven2/org/codehaus/plexus/plexus-interpolation/1.13/plexus-interpolation-1.13.pom
Progress (1): 890 B                   Downloaded from central: https://repo.maven.apache.org/maven2/org/codehaus/plexus/plexus-interpolation/1.13/plexus-interpolation-1.13.pom (890 B at 127 kB/s)
Downloading from central: https://repo.maven.apache.org/maven2/org/codehaus/plexus/plexus-components/1.1.15/plexus-components-1.1.15.pom
Progress (1): 2.7/2.8 kBProgress (1): 2.8 kB                        Downloaded from central: https://repo.maven.apache.org/maven2/org/codehaus/plexus/plexus-components/1.1.15/plexus-components-1.1.15.pom (2.8 kB at 407 kB/s)
Downloading from central: https://repo.maven.apache.org/maven2/org/apache/maven/maven-profile/2.0.6/maven-profile-2.0.6.jar
Downloading from central: https://repo.maven.apache.org/maven2/org/apache/maven/maven-plugin-parameter-documenter/2.0.6/maven-plugin-parameter-documenter-2.0.6.jar
Downloading from central: https://repo.maven.apache.org/maven2/org/apache/maven/maven-plugin-registry/2.0.6/maven-plugin-registry-2.0.6.jar
Downloading from central: https://repo.maven.apache.org/maven2/org/apache/maven/doxia/doxia-sink-api/1.0-alpha-7/doxia-sink-api-1.0-alpha-7.jar
Downloading from central: https://repo.maven.apache.org/maven2/org/apache/maven/reporting/maven-reporting-api/2.0.6/maven-reporting-api-2.0.6.jar
Progress (1): 2.7/35 kBProgress (1): 5.5/35 kBProgress (1): 8.2/35 kBProgress (1): 11/35 kB Progress (1): 14/35 kBProgress (1): 16/35 kBProgress (1): 19/35 kBProgress (1): 22/35 kBProgress (1): 25/35 kBProgress (1): 27/35 kBProgress (1): 30/35 kBProgress (1): 33/35 kBProgress (1): 35 kB                      Downloaded from central: https://repo.maven.apache.org/maven2/org/apache/maven/maven-profile/2.0.6/maven-profile-2.0.6.jar (35 kB at 641 kB/s)
Progress (1): 2.7/29 kBProgress (2): 2.7/29 kB | 2.7/21 kBProgress (2): 5.5/29 kB | 2.7/21 kB                                   Downloading from central: https://repo.maven.apache.org/maven2/org/apache/maven/maven-repository-metadata/2.0.6/maven-repository-metadata-2.0.6.jar
Progress (2): 8.2/29 kB | 2.7/21 kBProgress (2): 8.2/29 kB | 5.5/21 kBProgress (3): 8.2/29 kB | 5.5/21 kB | 2.7/9.9 kBProgress (3): 8.2/29 kB | 8.2/21 kB | 2.7/9.9 kBProgress (3): 11/29 kB | 8.2/21 kB | 2.7/9.9 kB Progress (3): 11/29 kB | 11/21 kB | 2.7/9.9 kB Progress (3): 11/29 kB | 11/21 kB | 5.5/9.9 kBProgress (3): 11/29 kB | 14/21 kB | 5.5/9.9 kBProgress (3): 14/29 kB | 14/21 kB | 5.5/9.9 kBProgress (3): 14/29 kB | 16/21 kB | 5.5/9.9 kBProgress (3): 14/29 kB | 16/21 kB | 8.2/9.9 kBProgress (4): 14/29 kB | 16/21 kB | 8.2/9.9 kB | 2.7/24 kBProgress (4): 14/29 kB | 16/21 kB | 9.9 kB | 2.7/24 kB    Progress (4): 14/29 kB | 19/21 kB | 9.9 kB | 2.7/24 kBProgress (4): 16/29 kB | 19/21 kB | 9.9 kB | 2.7/24 kBProgress (4): 16/29 kB | 21 kB | 9.9 kB | 2.7/24 kB   Progress (4): 16/29 kB | 21 kB | 9.9 kB | 5.5/24 kBProgress (4): 19/29 kB | 21 kB | 9.9 kB | 5.5/24 kBProgress (4): 19/29 kB | 21 kB | 9.9 kB | 8.2/24 kBProgress (5): 19/29 kB | 21 kB | 9.9 kB | 8.2/24 kB | 2.7/5.9 kBProgress (5): 22/29 kB | 21 kB | 9.9 kB | 8.2/24 kB | 2.7/5.9 kBProgress (5): 22/29 kB | 21 kB | 9.9 kB | 8.2/24 kB | 5.5/5.9 kB                                                                Downloaded from central: https://repo.maven.apache.org/maven2/org/apache/maven/reporting/maven-reporting-api/2.0.6/maven-reporting-api-2.0.6.jar (9.9 kB at 155 kB/s)
Progress (4): 22/29 kB | 21 kB | 11/24 kB | 5.5/5.9 kB                                                      Downloading from central: https://repo.maven.apache.org/maven2/org/apache/maven/maven-error-diagnostics/2.0.6/maven-error-diagnostics-2.0.6.jar
Progress (4): 22/29 kB | 21 kB | 11/24 kB | 5.9 kB                                                  Downloaded from central: https://repo.maven.apache.org/maven2/org/apache/maven/maven-plugin-parameter-documenter/2.0.6/maven-plugin-parameter-documenter-2.0.6.jar (21 kB at 314 kB/s)
Progress (3): 25/29 kB | 11/24 kB | 5.9 kB                                          Downloading from central: https://repo.maven.apache.org/maven2/org/apache/maven/maven-plugin-descriptor/2.0.6/maven-plugin-descriptor-2.0.6.jar
Progress (3): 25/29 kB | 14/24 kB | 5.9 kBProgress (3): 27/29 kB | 14/24 kB | 5.9 kBProgress (3): 27/29 kB | 16/24 kB | 5.9 kBProgress (3): 29 kB | 16/24 kB | 5.9 kB   Progress (3): 29 kB | 19/24 kB | 5.9 kB                                       Downloaded from central: https://repo.maven.apache.org/maven2/org/apache/maven/doxia/doxia-sink-api/1.0-alpha-7/doxia-sink-api-1.0-alpha-7.jar (5.9 kB at 86 kB/s)
Progress (3): 29 kB | 19/24 kB | 2.7/14 kB                                          Downloading from central: https://repo.maven.apache.org/maven2/org/sonatype/plexus/plexus-build-api/0.0.4/plexus-build-api-0.0.4.jar
Progress (3): 29 kB | 22/24 kB | 2.7/14 kBProgress (3): 29 kB | 24 kB | 2.7/14 kB                                          Downloaded from central: https://repo.maven.apache.org/maven2/org/apache/maven/maven-plugin-registry/2.0.6/maven-plugin-registry-2.0.6.jar (29 kB at 407 kB/s)
Progress (2): 24 kB | 5.5/14 kBProgress (3): 24 kB | 5.5/14 kB | 2.7/37 kBProgress (3): 24 kB | 8.2/14 kB | 2.7/37 kBProgress (4): 24 kB | 8.2/14 kB | 2.7/37 kB | 2.7/6.8 kBProgress (4): 24 kB | 11/14 kB | 2.7/37 kB | 2.7/6.8 kB Progress (4): 24 kB | 11/14 kB | 5.5/37 kB | 2.7/6.8 kBProgress (4): 24 kB | 14 kB | 5.5/37 kB | 2.7/6.8 kB   Progress (4): 24 kB | 14 kB | 5.5/37 kB | 5.5/6.8 kB                                                    Downloaded from central: https://repo.maven.apache.org/maven2/org/apache/maven/maven-repository-metadata/2.0.6/maven-repository-metadata-2.0.6.jar (24 kB at 331 kB/s)
Progress (3): 14 kB | 5.5/37 kB | 6.8 kBProgress (3): 14 kB | 8.2/37 kB | 6.8 kBProgress (3): 14 kB | 11/37 kB | 6.8 kB Progress (3): 14 kB | 14/37 kB | 6.8 kBProgress (3): 14 kB | 16/37 kB | 6.8 kBProgress (3): 14 kB | 19/37 kB | 6.8 kBProgress (3): 14 kB | 22/37 kB | 6.8 kBProgress (3): 14 kB | 25/37 kB | 6.8 kBProgress (3): 14 kB | 27/37 kB | 6.8 kB                                       Downloaded from central: https://repo.maven.apache.org/maven2/org/apache/maven/maven-error-diagnostics/2.0.6/maven-error-diagnostics-2.0.6.jar (14 kB at 177 kB/s)
Downloaded from central: https://repo.maven.apache.org/maven2/org/sonatype/plexus/plexus-build-api/0.0.4/plexus-build-api-0.0.4.jar (6.8 kB at 88 kB/s)
Progress (1): 30/37 kBProgress (1): 33/37 kBProgress (1): 36/37 kBProgress (1): 37 kB                      Downloaded from central: https://repo.maven.apache.org/maven2/org/apache/maven/maven-plugin-descriptor/2.0.6/maven-plugin-descriptor-2.0.6.jar (37 kB at 455 kB/s)
[WARNING] Using platform encoding (UTF-8 actually) to copy filtered resources, i.e. build is platform dependent!
[INFO] skip non existing resourceDirectory /home/circleci/project/src/main/resources
[INFO] 
[INFO] --- maven-compiler-plugin:3.8.0:compile (default-compile) @ HW2 ---
Downloading from central: https://repo.maven.apache.org/maven2/org/apache/maven/maven-plugin-api/3.0/maven-plugin-api-3.0.pom
Progress (1): 2.3 kB                    Downloaded from central: https://repo.maven.apache.org/maven2/org/apache/maven/maven-plugin-api/3.0/maven-plugin-api-3.0.pom (2.3 kB at 327 kB/s)
Downloading from central: https://repo.maven.apache.org/maven2/org/apache/maven/maven/3.0/maven-3.0.pom
Progress (1): 2.7/22 kBProgress (1): 5.5/22 kBProgress (1): 8.2/22 kBProgress (1): 11/22 kB Progress (1): 14/22 kBProgress (1): 16/22 kBProgress (1): 19/22 kBProgress (1): 22 kB                      Downloaded from central: https://repo.maven.apache.org/maven2/org/apache/maven/maven/3.0/maven-3.0.pom (22 kB at 2.4 MB/s)
Downloading from central: https://repo.maven.apache.org/maven2/org/apache/maven/maven-model/3.0/maven-model-3.0.pom
Progress (1): 2.7/3.9 kBProgress (1): 3.9 kB                        Downloaded from central: https://repo.maven.apache.org/maven2/org/apache/maven/maven-model/3.0/maven-model-3.0.pom (3.9 kB at 556 kB/s)
Downloading from central: https://repo.maven.apache.org/maven2/org/codehaus/plexus/plexus-utils/2.0.4/plexus-utils-2.0.4.pom
Progress (1): 2.7/3.3 kBProgress (1): 3.3 kB                        Downloaded from central: https://repo.maven.apache.org/maven2/org/codehaus/plexus/plexus-utils/2.0.4/plexus-utils-2.0.4.pom (3.3 kB at 556 kB/s)
Downloading from central: https://repo.maven.apache.org/maven2/org/apache/maven/maven-artifact/3.0/maven-artifact-3.0.pom
Progress (1): 1.9 kB                    Downloaded from central: https://repo.maven.apache.org/maven2/org/apache/maven/maven-artifact/3.0/maven-artifact-3.0.pom (1.9 kB at 386 kB/s)
Downloading from central: https://repo.maven.apache.org/maven2/org/sonatype/sisu/sisu-inject-plexus/1.4.2/sisu-inject-plexus-1.4.2.pom
Progress (1): 2.7/5.4 kBProgress (1): 5.4 kB                        Downloaded from central: https://repo.maven.apache.org/maven2/org/sonatype/sisu/sisu-inject-plexus/1.4.2/sisu-inject-plexus-1.4.2.pom (5.4 kB at 597 kB/s)
Downloading from central: https://repo.maven.apache.org/maven2/org/sonatype/sisu/inject/guice-plexus/1.4.2/guice-plexus-1.4.2.pom
Progress (1): 2.7/3.1 kBProgress (1): 3.1 kB                        Downloaded from central: https://repo.maven.apache.org/maven2/org/sonatype/sisu/inject/guice-plexus/1.4.2/guice-plexus-1.4.2.pom (3.1 kB at 626 kB/s)
Downloading from central: https://repo.maven.apache.org/maven2/org/sonatype/sisu/inject/guice-bean/1.4.2/guice-bean-1.4.2.pom
Progress (1): 2.6 kB                    Downloaded from central: https://repo.maven.apache.org/maven2/org/sonatype/sisu/inject/guice-bean/1.4.2/guice-bean-1.4.2.pom (2.6 kB at 434 kB/s)
Downloading from central: https://repo.maven.apache.org/maven2/org/sonatype/sisu/sisu-inject/1.4.2/sisu-inject-1.4.2.pom
Progress (1): 1.2 kB                    Downloaded from central: https://repo.maven.apache.org/maven2/org/sonatype/sisu/sisu-inject/1.4.2/sisu-inject-1.4.2.pom (1.2 kB at 208 kB/s)
Downloading from central: https://repo.maven.apache.org/maven2/org/sonatype/sisu/sisu-parent/1.4.2/sisu-parent-1.4.2.pom
Progress (1): 2.7/7.8 kBProgress (1): 5.5/7.8 kBProgress (1): 7.8 kB                        Downloaded from central: https://repo.maven.apache.org/maven2/org/sonatype/sisu/sisu-parent/1.4.2/sisu-parent-1.4.2.pom (7.8 kB at 1.1 MB/s)
Downloading from central: https://repo.maven.apache.org/maven2/org/sonatype/forge/forge-parent/6/forge-parent-6.pom
Progress (1): 2.7/11 kBProgress (1): 5.5/11 kBProgress (1): 8.2/11 kBProgress (1): 11 kB                       Downloaded from central: https://repo.maven.apache.org/maven2/org/sonatype/forge/forge-parent/6/forge-parent-6.pom (11 kB at 2.2 MB/s)
Downloading from central: https://repo.maven.apache.org/maven2/org/codehaus/plexus/plexus-component-annotations/1.7.1/plexus-component-annotations-1.7.1.pom
Progress (1): 770 B                   Downloaded from central: https://repo.maven.apache.org/maven2/org/codehaus/plexus/plexus-component-annotations/1.7.1/plexus-component-annotations-1.7.1.pom (770 B at 154 kB/s)
Downloading from central: https://repo.maven.apache.org/maven2/org/codehaus/plexus/plexus-containers/1.7.1/plexus-containers-1.7.1.pom
Progress (1): 2.7/5.0 kBProgress (1): 5.0 kB                        Downloaded from central: https://repo.maven.apache.org/maven2/org/codehaus/plexus/plexus-containers/1.7.1/plexus-containers-1.7.1.pom (5.0 kB at 839 kB/s)
Downloading from central: https://repo.maven.apache.org/maven2/org/codehaus/plexus/plexus/4.0/plexus-4.0.pom
Progress (1): 2.7/22 kBProgress (1): 5.5/22 kBProgress (1): 8.2/22 kBProgress (1): 11/22 kB Progress (1): 14/22 kBProgress (1): 16/22 kBProgress (1): 19/22 kBProgress (1): 22 kB                      Downloaded from central: https://repo.maven.apache.org/maven2/org/codehaus/plexus/plexus/4.0/plexus-4.0.pom (22 kB at 2.1 MB/s)
Downloading from central: https://repo.maven.apache.org/maven2/org/codehaus/plexus/plexus-classworlds/2.2.3/plexus-classworlds-2.2.3.pom
Progress (1): 2.7/4.0 kBProgress (1): 4.0 kB                        Downloaded from central: https://repo.maven.apache.org/maven2/org/codehaus/plexus/plexus-classworlds/2.2.3/plexus-classworlds-2.2.3.pom (4.0 kB at 571 kB/s)
Downloading from central: https://repo.maven.apache.org/maven2/org/sonatype/sisu/sisu-inject-bean/1.4.2/sisu-inject-bean-1.4.2.pom
Progress (1): 2.7/5.5 kBProgress (1): 5.5 kB                        Downloaded from central: https://repo.maven.apache.org/maven2/org/sonatype/sisu/sisu-inject-bean/1.4.2/sisu-inject-bean-1.4.2.pom (5.5 kB at 910 kB/s)
Downloading from central: https://repo.maven.apache.org/maven2/org/sonatype/sisu/sisu-guice/2.1.7/sisu-guice-2.1.7.pom
Progress (1): 2.7/11 kBProgress (1): 5.5/11 kBProgress (1): 8.2/11 kBProgress (1): 11/11 kB Progress (1): 11 kB                      Downloaded from central: https://repo.maven.apache.org/maven2/org/sonatype/sisu/sisu-guice/2.1.7/sisu-guice-2.1.7.pom (11 kB at 1.8 MB/s)
Downloading from central: https://repo.maven.apache.org/maven2/org/apache/maven/maven-core/3.0/maven-core-3.0.pom
Progress (1): 2.7/6.6 kBProgress (1): 5.5/6.6 kBProgress (1): 6.6 kB                        Downloaded from central: https://repo.maven.apache.org/maven2/org/apache/maven/maven-core/3.0/maven-core-3.0.pom (6.6 kB at 1.1 MB/s)
Downloading from central: https://repo.maven.apache.org/maven2/org/apache/maven/maven-settings/3.0/maven-settings-3.0.pom
Progress (1): 1.9 kB                    Downloaded from central: https://repo.maven.apache.org/maven2/org/apache/maven/maven-settings/3.0/maven-settings-3.0.pom (1.9 kB at 376 kB/s)
Downloading from central: https://repo.maven.apache.org/maven2/org/apache/maven/maven-settings-builder/3.0/maven-settings-builder-3.0.pom
Progress (1): 2.2 kB                    Downloaded from central: https://repo.maven.apache.org/maven2/org/apache/maven/maven-settings-builder/3.0/maven-settings-builder-3.0.pom (2.2 kB at 370 kB/s)
Downloading from central: https://repo.maven.apache.org/maven2/org/codehaus/plexus/plexus-interpolation/1.14/plexus-interpolation-1.14.pom
Progress (1): 910 B                   Downloaded from central: https://repo.maven.apache.org/maven2/org/codehaus/plexus/plexus-interpolation/1.14/plexus-interpolation-1.14.pom (910 B at 91 kB/s)
Downloading from central: https://repo.maven.apache.org/maven2/org/codehaus/plexus/plexus-components/1.1.18/plexus-components-1.1.18.pom
Progress (1): 2.7/5.4 kBProgress (1): 5.4 kB                        Downloaded from central: https://repo.maven.apache.org/maven2/org/codehaus/plexus/plexus-components/1.1.18/plexus-components-1.1.18.pom (5.4 kB at 255 kB/s)
Downloading from central: https://repo.maven.apache.org/maven2/org/sonatype/plexus/plexus-sec-dispatcher/1.3/plexus-sec-dispatcher-1.3.pom
Progress (1): 3.0 kB                    Downloaded from central: https://repo.maven.apache.org/maven2/org/sonatype/plexus/plexus-sec-dispatcher/1.3/plexus-sec-dispatcher-1.3.pom (3.0 kB at 228 kB/s)
Downloading from central: https://repo.maven.apache.org/maven2/org/sonatype/spice/spice-parent/12/spice-parent-12.pom
Progress (1): 4.1/6.8 kBProgress (1): 6.8 kB                        Downloaded from central: https://repo.maven.apache.org/maven2/org/sonatype/spice/spice-parent/12/spice-parent-12.pom (6.8 kB at 971 kB/s)
Downloading from central: https://repo.maven.apache.org/maven2/org/sonatype/forge/forge-parent/4/forge-parent-4.pom
Progress (1): 4.1/8.4 kBProgress (1): 8.2/8.4 kBProgress (1): 8.4 kB                        Downloaded from central: https://repo.maven.apache.org/maven2/org/sonatype/forge/forge-parent/4/forge-parent-4.pom (8.4 kB at 933 kB/s)
Downloading from central: https://repo.maven.apache.org/maven2/org/codehaus/plexus/plexus-utils/1.5.5/plexus-utils-1.5.5.pom
Progress (1): 4.1/5.1 kBProgress (1): 5.1 kB                        Downloaded from central: https://repo.maven.apache.org/maven2/org/codehaus/plexus/plexus-utils/1.5.5/plexus-utils-1.5.5.pom (5.1 kB at 858 kB/s)
Downloading from central: https://repo.maven.apache.org/maven2/org/sonatype/plexus/plexus-cipher/1.4/plexus-cipher-1.4.pom
Progress (1): 2.1 kB                    Downloaded from central: https://repo.maven.apache.org/maven2/org/sonatype/plexus/plexus-cipher/1.4/plexus-cipher-1.4.pom (2.1 kB at 516 kB/s)
Downloading from central: https://repo.maven.apache.org/maven2/org/apache/maven/maven-repository-metadata/3.0/maven-repository-metadata-3.0.pom
Progress (1): 1.9 kB                    Downloaded from central: https://repo.maven.apache.org/maven2/org/apache/maven/maven-repository-metadata/3.0/maven-repository-metadata-3.0.pom (1.9 kB at 386 kB/s)
Downloading from central: https://repo.maven.apache.org/maven2/org/apache/maven/maven-model-builder/3.0/maven-model-builder-3.0.pom
Progress (1): 2.2 kB                    Downloaded from central: https://repo.maven.apache.org/maven2/org/apache/maven/maven-model-builder/3.0/maven-model-builder-3.0.pom (2.2 kB at 449 kB/s)
Downloading from central: https://repo.maven.apache.org/maven2/org/apache/maven/maven-aether-provider/3.0/maven-aether-provider-3.0.pom
Progress (1): 2.5 kB                    Downloaded from central: https://repo.maven.apache.org/maven2/org/apache/maven/maven-aether-provider/3.0/maven-aether-provider-3.0.pom (2.5 kB at 494 kB/s)
Downloading from central: https://repo.maven.apache.org/maven2/org/sonatype/aether/aether-api/1.7/aether-api-1.7.pom
Progress (1): 1.7 kB                    Downloaded from central: https://repo.maven.apache.org/maven2/org/sonatype/aether/aether-api/1.7/aether-api-1.7.pom (1.7 kB at 335 kB/s)
Downloading from central: https://repo.maven.apache.org/maven2/org/sonatype/aether/aether-parent/1.7/aether-parent-1.7.pom
Progress (1): 4.1/7.7 kBProgress (1): 7.7 kB                        Downloaded from central: https://repo.maven.apache.org/maven2/org/sonatype/aether/aether-parent/1.7/aether-parent-1.7.pom (7.7 kB at 1.5 MB/s)
Downloading from central: https://repo.maven.apache.org/maven2/org/sonatype/aether/aether-util/1.7/aether-util-1.7.pom
Progress (1): 2.1 kB                    Downloaded from central: https://repo.maven.apache.org/maven2/org/sonatype/aether/aether-util/1.7/aether-util-1.7.pom (2.1 kB at 412 kB/s)
Downloading from central: https://repo.maven.apache.org/maven2/org/sonatype/aether/aether-impl/1.7/aether-impl-1.7.pom
Progress (1): 3.7 kB                    Downloaded from central: https://repo.maven.apache.org/maven2/org/sonatype/aether/aether-impl/1.7/aether-impl-1.7.pom (3.7 kB at 616 kB/s)
Downloading from central: https://repo.maven.apache.org/maven2/org/sonatype/aether/aether-spi/1.7/aether-spi-1.7.pom
Progress (1): 1.7 kB                    Downloaded from central: https://repo.maven.apache.org/maven2/org/sonatype/aether/aether-spi/1.7/aether-spi-1.7.pom (1.7 kB at 290 kB/s)
Downloading from central: https://repo.maven.apache.org/maven2/org/apache/maven/shared/maven-shared-utils/3.2.1/maven-shared-utils-3.2.1.pom
Progress (1): 4.1/5.6 kBProgress (1): 5.6 kB                        Downloaded from central: https://repo.maven.apache.org/maven2/org/apache/maven/shared/maven-shared-utils/3.2.1/maven-shared-utils-3.2.1.pom (5.6 kB at 1.1 MB/s)
Downloading from central: https://repo.maven.apache.org/maven2/org/apache/maven/shared/maven-shared-components/30/maven-shared-components-30.pom
Progress (1): 4.1/4.6 kBProgress (1): 4.6 kB                        Downloaded from central: https://repo.maven.apache.org/maven2/org/apache/maven/shared/maven-shared-components/30/maven-shared-components-30.pom (4.6 kB at 917 kB/s)
Downloading from central: https://repo.maven.apache.org/maven2/org/apache/maven/maven-parent/30/maven-parent-30.pom
Progress (1): 4.1/41 kBProgress (1): 8.2/41 kBProgress (1): 12/41 kB Progress (1): 16/41 kBProgress (1): 20/41 kBProgress (1): 25/41 kBProgress (1): 29/41 kBProgress (1): 33/41 kBProgress (1): 37/41 kBProgress (1): 41/41 kBProgress (1): 41 kB                      Downloaded from central: https://repo.maven.apache.org/maven2/org/apache/maven/maven-parent/30/maven-parent-30.pom (41 kB at 5.9 MB/s)
Downloading from central: https://repo.maven.apache.org/maven2/org/apache/apache/18/apache-18.pom
Progress (1): 4.1/16 kBProgress (1): 8.2/16 kBProgress (1): 12/16 kB Progress (1): 16 kB                      Downloaded from central: https://repo.maven.apache.org/maven2/org/apache/apache/18/apache-18.pom (16 kB at 3.1 MB/s)
Downloading from central: https://repo.maven.apache.org/maven2/commons-io/commons-io/2.5/commons-io-2.5.pom
Progress (1): 4.1/13 kBProgress (1): 8.2/13 kBProgress (1): 12/13 kB Progress (1): 13 kB                      Downloaded from central: https://repo.maven.apache.org/maven2/commons-io/commons-io/2.5/commons-io-2.5.pom (13 kB at 2.7 MB/s)
Downloading from central: https://repo.maven.apache.org/maven2/org/apache/commons/commons-parent/39/commons-parent-39.pom
Progress (1): 4.1/62 kBProgress (1): 8.2/62 kBProgress (1): 12/62 kB Progress (1): 16/62 kBProgress (1): 20/62 kBProgress (1): 25/62 kBProgress (1): 29/62 kBProgress (1): 33/62 kBProgress (1): 37/62 kBProgress (1): 41/62 kBProgress (1): 45/62 kBProgress (1): 49/62 kBProgress (1): 53/62 kBProgress (1): 57/62 kBProgress (1): 61/62 kBProgress (1): 62 kB                      Downloaded from central: https://repo.maven.apache.org/maven2/org/apache/commons/commons-parent/39/commons-parent-39.pom (62 kB at 6.2 MB/s)
Downloading from central: https://repo.maven.apache.org/maven2/org/apache/apache/16/apache-16.pom
Progress (1): 4.1/15 kBProgress (1): 8.2/15 kBProgress (1): 12/15 kB Progress (1): 15 kB                      Downloaded from central: https://repo.maven.apache.org/maven2/org/apache/apache/16/apache-16.pom (15 kB at 2.6 MB/s)
Downloading from central: https://repo.maven.apache.org/maven2/org/apache/maven/shared/maven-shared-incremental/1.1/maven-shared-incremental-1.1.pom
Progress (1): 4.1/4.7 kBProgress (1): 4.7 kB                        Downloaded from central: https://repo.maven.apache.org/maven2/org/apache/maven/shared/maven-shared-incremental/1.1/maven-shared-incremental-1.1.pom (4.7 kB at 790 kB/s)
Downloading from central: https://repo.maven.apache.org/maven2/org/apache/maven/maven-plugin-api/2.2.1/maven-plugin-api-2.2.1.pom
Progress (1): 1.5 kB                    Downloaded from central: https://repo.maven.apache.org/maven2/org/apache/maven/maven-plugin-api/2.2.1/maven-plugin-api-2.2.1.pom (1.5 kB at 243 kB/s)
Downloading from central: https://repo.maven.apache.org/maven2/org/apache/maven/maven/2.2.1/maven-2.2.1.pom
Progress (1): 4.1/22 kBProgress (1): 8.2/22 kBProgress (1): 12/22 kB Progress (1): 16/22 kBProgress (1): 20/22 kBProgress (1): 22 kB                      Downloaded from central: https://repo.maven.apache.org/maven2/org/apache/maven/maven/2.2.1/maven-2.2.1.pom (22 kB at 2.2 MB/s)
Downloading from central: https://repo.maven.apache.org/maven2/org/apache/maven/maven-core/2.2.1/maven-core-2.2.1.pom
Progress (1): 4.1/12 kBProgress (1): 8.2/12 kBProgress (1): 12 kB                       Downloaded from central: https://repo.maven.apache.org/maven2/org/apache/maven/maven-core/2.2.1/maven-core-2.2.1.pom (12 kB at 1.9 MB/s)
Downloading from central: https://repo.maven.apache.org/maven2/org/apache/maven/maven-settings/2.2.1/maven-settings-2.2.1.pom
Progress (1): 2.2 kB                    Downloaded from central: https://repo.maven.apache.org/maven2/org/apache/maven/maven-settings/2.2.1/maven-settings-2.2.1.pom (2.2 kB at 436 kB/s)
Downloading from central: https://repo.maven.apache.org/maven2/org/apache/maven/maven-model/2.2.1/maven-model-2.2.1.pom
Progress (1): 3.2 kB                    Downloaded from central: https://repo.maven.apache.org/maven2/org/apache/maven/maven-model/2.2.1/maven-model-2.2.1.pom (3.2 kB at 540 kB/s)
Downloading from central: https://repo.maven.apache.org/maven2/org/apache/maven/maven-plugin-parameter-documenter/2.2.1/maven-plugin-parameter-documenter-2.2.1.pom
Progress (1): 2.0 kB                    Downloaded from central: https://repo.maven.apache.org/maven2/org/apache/maven/maven-plugin-parameter-documenter/2.2.1/maven-plugin-parameter-documenter-2.2.1.pom (2.0 kB at 326 kB/s)
Downloading from central: https://repo.maven.apache.org/maven2/org/slf4j/slf4j-jdk14/1.5.6/slf4j-jdk14-1.5.6.pom
Progress (1): 1.9 kB                    Downloaded from central: https://repo.maven.apache.org/maven2/org/slf4j/slf4j-jdk14/1.5.6/slf4j-jdk14-1.5.6.pom (1.9 kB at 271 kB/s)
Downloading from central: https://repo.maven.apache.org/maven2/org/slf4j/slf4j-parent/1.5.6/slf4j-parent-1.5.6.pom
Progress (1): 4.1/7.9 kBProgress (1): 7.9 kB                        Downloaded from central: https://repo.maven.apache.org/maven2/org/slf4j/slf4j-parent/1.5.6/slf4j-parent-1.5.6.pom (7.9 kB at 1.3 MB/s)
Downloading from central: https://repo.maven.apache.org/maven2/org/slf4j/slf4j-api/1.5.6/slf4j-api-1.5.6.pom
Progress (1): 3.0 kB                    Downloaded from central: https://repo.maven.apache.org/maven2/org/slf4j/slf4j-api/1.5.6/slf4j-api-1.5.6.pom (3.0 kB at 597 kB/s)
Downloading from central: https://repo.maven.apache.org/maven2/org/slf4j/jcl-over-slf4j/1.5.6/jcl-over-slf4j-1.5.6.pom
Progress (1): 2.2 kB                    Downloaded from central: https://repo.maven.apache.org/maven2/org/slf4j/jcl-over-slf4j/1.5.6/jcl-over-slf4j-1.5.6.pom (2.2 kB at 362 kB/s)
Downloading from central: https://repo.maven.apache.org/maven2/org/apache/maven/maven-profile/2.2.1/maven-profile-2.2.1.pom
Progress (1): 2.2 kB                    Downloaded from central: https://repo.maven.apache.org/maven2/org/apache/maven/maven-profile/2.2.1/maven-profile-2.2.1.pom (2.2 kB at 434 kB/s)
Downloading from central: https://repo.maven.apache.org/maven2/org/apache/maven/maven-artifact/2.2.1/maven-artifact-2.2.1.pom
Progress (1): 1.6 kB                    Downloaded from central: https://repo.maven.apache.org/maven2/org/apache/maven/maven-artifact/2.2.1/maven-artifact-2.2.1.pom (1.6 kB at 264 kB/s)
Downloading from central: https://repo.maven.apache.org/maven2/org/apache/maven/maven-repository-metadata/2.2.1/maven-repository-metadata-2.2.1.pom
Progress (1): 1.9 kB                    Downloaded from central: https://repo.maven.apache.org/maven2/org/apache/maven/maven-repository-metadata/2.2.1/maven-repository-metadata-2.2.1.pom (1.9 kB at 312 kB/s)
Downloading from central: https://repo.maven.apache.org/maven2/org/apache/maven/maven-error-diagnostics/2.2.1/maven-error-diagnostics-2.2.1.pom
Progress (1): 1.7 kB                    Downloaded from central: https://repo.maven.apache.org/maven2/org/apache/maven/maven-error-diagnostics/2.2.1/maven-error-diagnostics-2.2.1.pom (1.7 kB at 244 kB/s)
Downloading from central: https://repo.maven.apache.org/maven2/org/apache/maven/maven-project/2.2.1/maven-project-2.2.1.pom
Progress (1): 2.8 kB                    Downloaded from central: https://repo.maven.apache.org/maven2/org/apache/maven/maven-project/2.2.1/maven-project-2.2.1.pom (2.8 kB at 462 kB/s)
Downloading from central: https://repo.maven.apache.org/maven2/org/apache/maven/maven-artifact-manager/2.2.1/maven-artifact-manager-2.2.1.pom
Progress (1): 3.1 kB                    Downloaded from central: https://repo.maven.apache.org/maven2/org/apache/maven/maven-artifact-manager/2.2.1/maven-artifact-manager-2.2.1.pom (3.1 kB at 517 kB/s)
Downloading from central: https://repo.maven.apache.org/maven2/org/apache/maven/maven-plugin-registry/2.2.1/maven-plugin-registry-2.2.1.pom
Progress (1): 1.9 kB                    Downloaded from central: https://repo.maven.apache.org/maven2/org/apache/maven/maven-plugin-registry/2.2.1/maven-plugin-registry-2.2.1.pom (1.9 kB at 322 kB/s)
Downloading from central: https://repo.maven.apache.org/maven2/org/apache/maven/maven-plugin-descriptor/2.2.1/maven-plugin-descriptor-2.2.1.pom
Progress (1): 2.1 kB                    Downloaded from central: https://repo.maven.apache.org/maven2/org/apache/maven/maven-plugin-descriptor/2.2.1/maven-plugin-descriptor-2.2.1.pom (2.1 kB at 229 kB/s)
Downloading from central: https://repo.maven.apache.org/maven2/org/apache/maven/maven-monitor/2.2.1/maven-monitor-2.2.1.pom
Progress (1): 1.3 kB                    Downloaded from central: https://repo.maven.apache.org/maven2/org/apache/maven/maven-monitor/2.2.1/maven-monitor-2.2.1.pom (1.3 kB at 251 kB/s)
Downloading from central: https://repo.maven.apache.org/maven2/org/apache/maven/shared/maven-shared-utils/0.1/maven-shared-utils-0.1.pom
Progress (1): 4.0 kB                    Downloaded from central: https://repo.maven.apache.org/maven2/org/apache/maven/shared/maven-shared-utils/0.1/maven-shared-utils-0.1.pom (4.0 kB at 674 kB/s)
Downloading from central: https://repo.maven.apache.org/maven2/org/apache/maven/shared/maven-shared-components/18/maven-shared-components-18.pom
Progress (1): 4.1/4.9 kBProgress (1): 4.9 kB                        Downloaded from central: https://repo.maven.apache.org/maven2/org/apache/maven/shared/maven-shared-components/18/maven-shared-components-18.pom (4.9 kB at 705 kB/s)
Downloading from central: https://repo.maven.apache.org/maven2/com/google/code/findbugs/jsr305/2.0.1/jsr305-2.0.1.pom
Progress (1): 965 B                   Downloaded from central: https://repo.maven.apache.org/maven2/com/google/code/findbugs/jsr305/2.0.1/jsr305-2.0.1.pom (965 B at 138 kB/s)
Downloading from central: https://repo.maven.apache.org/maven2/org/codehaus/plexus/plexus-java/0.9.10/plexus-java-0.9.10.pom
Progress (1): 4.1/5.1 kBProgress (1): 5.1 kB                        Downloaded from central: https://repo.maven.apache.org/maven2/org/codehaus/plexus/plexus-java/0.9.10/plexus-java-0.9.10.pom (5.1 kB at 730 kB/s)
Downloading from central: https://repo.maven.apache.org/maven2/org/codehaus/plexus/plexus-languages/0.9.10/plexus-languages-0.9.10.pom
Progress (1): 4.1/4.1 kBProgress (1): 4.1 kB                        Downloaded from central: https://repo.maven.apache.org/maven2/org/codehaus/plexus/plexus-languages/0.9.10/plexus-languages-0.9.10.pom (4.1 kB at 690 kB/s)
Downloading from central: https://repo.maven.apache.org/maven2/org/ow2/asm/asm/6.2/asm-6.2.pom
Progress (1): 2.9 kB                    Downloaded from central: https://repo.maven.apache.org/maven2/org/ow2/asm/asm/6.2/asm-6.2.pom (2.9 kB at 419 kB/s)
Downloading from central: https://repo.maven.apache.org/maven2/org/ow2/ow2/1.5/ow2-1.5.pom
Progress (1): 4.1/11 kBProgress (1): 8.2/11 kBProgress (1): 11 kB                       Downloaded from central: https://repo.maven.apache.org/maven2/org/ow2/ow2/1.5/ow2-1.5.pom (11 kB at 1.4 MB/s)
Downloading from central: https://repo.maven.apache.org/maven2/com/thoughtworks/qdox/qdox/2.0-M9/qdox-2.0-M9.pom
Progress (1): 4.1/16 kBProgress (1): 8.2/16 kBProgress (1): 12/16 kB Progress (1): 16 kB                      Downloaded from central: https://repo.maven.apache.org/maven2/com/thoughtworks/qdox/qdox/2.0-M9/qdox-2.0-M9.pom (16 kB at 2.3 MB/s)
Downloading from central: https://repo.maven.apache.org/maven2/org/codehaus/plexus/plexus-compiler-api/2.8.4/plexus-compiler-api-2.8.4.pom
Progress (1): 867 B                   Downloaded from central: https://repo.maven.apache.org/maven2/org/codehaus/plexus/plexus-compiler-api/2.8.4/plexus-compiler-api-2.8.4.pom (867 B at 173 kB/s)
Downloading from central: https://repo.maven.apache.org/maven2/org/codehaus/plexus/plexus-compiler/2.8.4/plexus-compiler-2.8.4.pom
Progress (1): 4.1/6.0 kBProgress (1): 6.0 kB                        Downloaded from central: https://repo.maven.apache.org/maven2/org/codehaus/plexus/plexus-compiler/2.8.4/plexus-compiler-2.8.4.pom (6.0 kB at 1.2 MB/s)
Downloading from central: https://repo.maven.apache.org/maven2/org/codehaus/plexus/plexus-components/4.0/plexus-components-4.0.pom
Progress (1): 2.7 kB                    Downloaded from central: https://repo.maven.apache.org/maven2/org/codehaus/plexus/plexus-components/4.0/plexus-components-4.0.pom (2.7 kB at 380 kB/s)
Downloading from central: https://repo.maven.apache.org/maven2/org/codehaus/plexus/plexus-utils/3.0.22/plexus-utils-3.0.22.pom
Progress (1): 3.8 kB                    Downloaded from central: https://repo.maven.apache.org/maven2/org/codehaus/plexus/plexus-utils/3.0.22/plexus-utils-3.0.22.pom (3.8 kB at 638 kB/s)
Downloading from central: https://repo.maven.apache.org/maven2/org/codehaus/plexus/plexus/3.3.1/plexus-3.3.1.pom
Progress (1): 4.1/20 kBProgress (1): 8.2/20 kBProgress (1): 12/20 kB Progress (1): 16/20 kBProgress (1): 20 kB                      Downloaded from central: https://repo.maven.apache.org/maven2/org/codehaus/plexus/plexus/3.3.1/plexus-3.3.1.pom (20 kB at 2.6 MB/s)
Downloading from central: https://repo.maven.apache.org/maven2/org/codehaus/plexus/plexus-compiler-manager/2.8.4/plexus-compiler-manager-2.8.4.pom
Progress (1): 692 B                   Downloaded from central: https://repo.maven.apache.org/maven2/org/codehaus/plexus/plexus-compiler-manager/2.8.4/plexus-compiler-manager-2.8.4.pom (692 B at 115 kB/s)
Downloading from central: https://repo.maven.apache.org/maven2/org/codehaus/plexus/plexus-compiler-javac/2.8.4/plexus-compiler-javac-2.8.4.pom
Progress (1): 771 B                   Downloaded from central: https://repo.maven.apache.org/maven2/org/codehaus/plexus/plexus-compiler-javac/2.8.4/plexus-compiler-javac-2.8.4.pom (771 B at 193 kB/s)
Downloading from central: https://repo.maven.apache.org/maven2/org/codehaus/plexus/plexus-compilers/2.8.4/plexus-compilers-2.8.4.pom
Progress (1): 1.3 kB                    Downloaded from central: https://repo.maven.apache.org/maven2/org/codehaus/plexus/plexus-compilers/2.8.4/plexus-compilers-2.8.4.pom (1.3 kB at 268 kB/s)
Downloading from central: https://repo.maven.apache.org/maven2/org/sonatype/sisu/sisu-inject-plexus/1.4.2/sisu-inject-plexus-1.4.2.jar
Downloading from central: https://repo.maven.apache.org/maven2/org/apache/maven/maven-repository-metadata/3.0/maven-repository-metadata-3.0.jar
Downloading from central: https://repo.maven.apache.org/maven2/org/codehaus/plexus/plexus-utils/2.0.4/plexus-utils-2.0.4.jar
Downloading from central: https://repo.maven.apache.org/maven2/org/sonatype/sisu/sisu-guice/2.1.7/sisu-guice-2.1.7-noaop.jar
Downloading from central: https://repo.maven.apache.org/maven2/org/sonatype/sisu/sisu-inject-bean/1.4.2/sisu-inject-bean-1.4.2.jar
Progress (1): 2.7/30 kBProgress (1): 5.5/30 kBProgress (1): 8.2/30 kBProgress (1): 11/30 kB Progress (2): 11/30 kB | 4.1/202 kBProgress (2): 14/30 kB | 4.1/202 kBProgress (3): 14/30 kB | 4.1/202 kB | 2.7/222 kBProgress (3): 16/30 kB | 4.1/202 kB | 2.7/222 kBProgress (3): 16/30 kB | 8.2/202 kB | 2.7/222 kBProgress (3): 16/30 kB | 8.2/202 kB | 5.5/222 kBProgress (3): 16/30 kB | 12/202 kB | 5.5/222 kB Progress (3): 19/30 kB | 12/202 kB | 5.5/222 kBProgress (4): 19/30 kB | 12/202 kB | 5.5/222 kB | 2.7/153 kBProgress (4): 19/30 kB | 16/202 kB | 5.5/222 kB | 2.7/153 kBProgress (4): 19/30 kB | 16/202 kB | 8.2/222 kB | 2.7/153 kBProgress (4): 19/30 kB | 16/202 kB | 8.2/222 kB | 5.5/153 kBProgress (5): 19/30 kB | 16/202 kB | 8.2/222 kB | 5.5/153 kB | 2.7/472 kBProgress (5): 22/30 kB | 16/202 kB | 8.2/222 kB | 5.5/153 kB | 2.7/472 kBProgress (5): 22/30 kB | 16/202 kB | 8.2/222 kB | 5.5/153 kB | 5.5/472 kBProgress (5): 22/30 kB | 16/202 kB | 8.2/222 kB | 8.2/153 kB | 5.5/472 kBProgress (5): 22/30 kB | 20/202 kB | 8.2/222 kB | 8.2/153 kB | 5.5/472 kBProgress (5): 22/30 kB | 20/202 kB | 11/222 kB | 8.2/153 kB | 5.5/472 kB Progress (5): 22/30 kB | 25/202 kB | 11/222 kB | 8.2/153 kB | 5.5/472 kBProgress (5): 22/30 kB | 25/202 kB | 11/222 kB | 11/153 kB | 5.5/472 kB Progress (5): 22/30 kB | 25/202 kB | 11/222 kB | 11/153 kB | 8.2/472 kBProgress (5): 25/30 kB | 25/202 kB | 11/222 kB | 11/153 kB | 8.2/472 kBProgress (5): 25/30 kB | 25/202 kB | 11/222 kB | 11/153 kB | 11/472 kB Progress (5): 25/30 kB | 25/202 kB | 11/222 kB | 14/153 kB | 11/472 kBProgress (5): 25/30 kB | 29/202 kB | 11/222 kB | 14/153 kB | 11/472 kBProgress (5): 25/30 kB | 29/202 kB | 14/222 kB | 14/153 kB | 11/472 kBProgress (5): 25/30 kB | 33/202 kB | 14/222 kB | 14/153 kB | 11/472 kBProgress (5): 25/30 kB | 33/202 kB | 14/222 kB | 16/153 kB | 11/472 kBProgress (5): 25/30 kB | 33/202 kB | 14/222 kB | 16/153 kB | 14/472 kBProgress (5): 27/30 kB | 33/202 kB | 14/222 kB | 16/153 kB | 14/472 kBProgress (5): 27/30 kB | 33/202 kB | 14/222 kB | 16/153 kB | 16/472 kBProgress (5): 27/30 kB | 37/202 kB | 14/222 kB | 16/153 kB | 16/472 kBProgress (5): 27/30 kB | 37/202 kB | 14/222 kB | 19/153 kB | 16/472 kBProgress (5): 27/30 kB | 37/202 kB | 16/222 kB | 19/153 kB | 16/472 kBProgress (5): 27/30 kB | 37/202 kB | 16/222 kB | 22/153 kB | 16/472 kBProgress (5): 27/30 kB | 41/202 kB | 16/222 kB | 22/153 kB | 16/472 kBProgress (5): 27/30 kB | 41/202 kB | 16/222 kB | 22/153 kB | 19/472 kBProgress (5): 30 kB | 41/202 kB | 16/222 kB | 22/153 kB | 19/472 kB   Progress (5): 30 kB | 41/202 kB | 16/222 kB | 22/153 kB | 22/472 kBProgress (5): 30 kB | 45/202 kB | 16/222 kB | 22/153 kB | 22/472 kBProgress (5): 30 kB | 45/202 kB | 16/222 kB | 25/153 kB | 22/472 kBProgress (5): 30 kB | 45/202 kB | 19/222 kB | 25/153 kB | 22/472 kBProgress (5): 30 kB | 45/202 kB | 19/222 kB | 27/153 kB | 22/472 kBProgress (5): 30 kB | 49/202 kB | 19/222 kB | 27/153 kB | 22/472 kBProgress (5): 30 kB | 49/202 kB | 19/222 kB | 27/153 kB | 25/472 kBProgress (5): 30 kB | 49/202 kB | 19/222 kB | 30/153 kB | 25/472 kBProgress (5): 30 kB | 49/202 kB | 22/222 kB | 30/153 kB | 25/472 kBProgress (5): 30 kB | 49/202 kB | 22/222 kB | 33/153 kB | 25/472 kBProgress (5): 30 kB | 53/202 kB | 22/222 kB | 33/153 kB | 25/472 kBProgress (5): 30 kB | 53/202 kB | 22/222 kB | 33/153 kB | 27/472 kBProgress (5): 30 kB | 57/202 kB | 22/222 kB | 33/153 kB | 27/472 kBProgress (5): 30 kB | 57/202 kB | 22/222 kB | 36/153 kB | 27/472 kBProgress (5): 30 kB | 57/202 kB | 25/222 kB | 36/153 kB | 27/472 kBProgress (5): 30 kB | 57/202 kB | 25/222 kB | 38/153 kB | 27/472 kB                                                                   Downloaded from central: https://repo.maven.apache.org/maven2/org/apache/maven/maven-repository-metadata/3.0/maven-repository-metadata-3.0.jar (30 kB at 1.9 MB/s)
Progress (4): 61/202 kB | 25/222 kB | 38/153 kB | 27/472 kBProgress (4): 61/202 kB | 25/222 kB | 38/153 kB | 30/472 kBProgress (4): 66/202 kB | 25/222 kB | 38/153 kB | 30/472 kBProgress (4): 66/202 kB | 25/222 kB | 38/153 kB | 33/472 kB                                                           Downloading from central: https://repo.maven.apache.org/maven2/org/apache/maven/maven-model-builder/3.0/maven-model-builder-3.0.jar
Progress (4): 66/202 kB | 25/222 kB | 41/153 kB | 33/472 kBProgress (4): 66/202 kB | 27/222 kB | 41/153 kB | 33/472 kBProgress (4): 66/202 kB | 27/222 kB | 44/153 kB | 33/472 kBProgress (4): 66/202 kB | 30/222 kB | 44/153 kB | 33/472 kBProgress (4): 70/202 kB | 30/222 kB | 44/153 kB | 33/472 kBProgress (4): 70/202 kB | 33/222 kB | 44/153 kB | 33/472 kBProgress (4): 70/202 kB | 33/222 kB | 44/153 kB | 36/472 kBProgress (4): 74/202 kB | 33/222 kB | 44/153 kB | 36/472 kBProgress (4): 74/202 kB | 33/222 kB | 47/153 kB | 36/472 kBProgress (4): 78/202 kB | 33/222 kB | 47/153 kB | 36/472 kBProgress (4): 78/202 kB | 33/222 kB | 47/153 kB | 38/472 kBProgress (4): 78/202 kB | 36/222 kB | 47/153 kB | 38/472 kBProgress (4): 78/202 kB | 36/222 kB | 47/153 kB | 41/472 kBProgress (4): 82/202 kB | 36/222 kB | 47/153 kB | 41/472 kBProgress (4): 82/202 kB | 36/222 kB | 49/153 kB | 41/472 kBProgress (4): 82/202 kB | 36/222 kB | 49/153 kB | 44/472 kBProgress (4): 82/202 kB | 38/222 kB | 49/153 kB | 44/472 kBProgress (5): 82/202 kB | 38/222 kB | 49/153 kB | 44/472 kB | 2.7/148 kBProgress (5): 82/202 kB | 41/222 kB | 49/153 kB | 44/472 kB | 2.7/148 kBProgress (5): 82/202 kB | 41/222 kB | 49/153 kB | 47/472 kB | 2.7/148 kBProgress (5): 86/202 kB | 41/222 kB | 49/153 kB | 47/472 kB | 2.7/148 kBProgress (5): 86/202 kB | 41/222 kB | 52/153 kB | 47/472 kB | 2.7/148 kBProgress (5): 90/202 kB | 41/222 kB | 52/153 kB | 47/472 kB | 2.7/148 kBProgress (5): 90/202 kB | 41/222 kB | 52/153 kB | 49/472 kB | 2.7/148 kBProgress (5): 90/202 kB | 44/222 kB | 52/153 kB | 49/472 kB | 2.7/148 kBProgress (5): 90/202 kB | 44/222 kB | 52/153 kB | 49/472 kB | 5.5/148 kBProgress (5): 90/202 kB | 47/222 kB | 52/153 kB | 49/472 kB | 5.5/148 kBProgress (5): 90/202 kB | 47/222 kB | 52/153 kB | 52/472 kB | 5.5/148 kBProgress (5): 94/202 kB | 47/222 kB | 52/153 kB | 52/472 kB | 5.5/148 kBProgress (5): 94/202 kB | 47/222 kB | 55/153 kB | 52/472 kB | 5.5/148 kBProgress (5): 98/202 kB | 47/222 kB | 55/153 kB | 52/472 kB | 5.5/148 kBProgress (5): 98/202 kB | 47/222 kB | 55/153 kB | 55/472 kB | 5.5/148 kBProgress (5): 98/202 kB | 49/222 kB | 55/153 kB | 55/472 kB | 5.5/148 kBProgress (5): 98/202 kB | 49/222 kB | 55/153 kB | 55/472 kB | 8.2/148 kBProgress (5): 98/202 kB | 52/222 kB | 55/153 kB | 55/472 kB | 8.2/148 kBProgress (5): 102/202 kB | 52/222 kB | 55/153 kB | 55/472 kB | 8.2/148 kBProgress (5): 102/202 kB | 52/222 kB | 55/153 kB | 58/472 kB | 8.2/148 kBProgress (5): 102/202 kB | 52/222 kB | 58/153 kB | 58/472 kB | 8.2/148 kBProgress (5): 102/202 kB | 52/222 kB | 58/153 kB | 60/472 kB | 8.2/148 kBProgress (5): 106/202 kB | 52/222 kB | 58/153 kB | 60/472 kB | 8.2/148 kBProgress (5): 106/202 kB | 55/222 kB | 58/153 kB | 60/472 kB | 8.2/148 kBProgress (5): 106/202 kB | 55/222 kB | 58/153 kB | 60/472 kB | 11/148 kB Progress (5): 106/202 kB | 58/222 kB | 58/153 kB | 60/472 kB | 11/148 kBProgress (5): 111/202 kB | 58/222 kB | 58/153 kB | 60/472 kB | 11/148 kBProgress (5): 111/202 kB | 58/222 kB | 58/153 kB | 63/472 kB | 11/148 kBProgress (5): 111/202 kB | 58/222 kB | 60/153 kB | 63/472 kB | 11/148 kBProgress (5): 111/202 kB | 58/222 kB | 60/153 kB | 66/472 kB | 11/148 kBProgress (5): 115/202 kB | 58/222 kB | 60/153 kB | 66/472 kB | 11/148 kBProgress (5): 115/202 kB | 60/222 kB | 60/153 kB | 66/472 kB | 11/148 kBProgress (5): 115/202 kB | 60/222 kB | 60/153 kB | 66/472 kB | 14/148 kBProgress (5): 115/202 kB | 63/222 kB | 60/153 kB | 66/472 kB | 14/148 kBProgress (5): 115/202 kB | 63/222 kB | 60/153 kB | 69/472 kB | 14/148 kBProgress (5): 115/202 kB | 63/222 kB | 63/153 kB | 69/472 kB | 14/148 kBProgress (5): 115/202 kB | 63/222 kB | 63/153 kB | 71/472 kB | 14/148 kBProgress (5): 115/202 kB | 66/222 kB | 63/153 kB | 71/472 kB | 14/148 kBProgress (5): 115/202 kB | 66/222 kB | 63/153 kB | 71/472 kB | 16/148 kBProgress (5): 119/202 kB | 66/222 kB | 63/153 kB | 71/472 kB | 16/148 kBProgress (5): 119/202 kB | 66/222 kB | 63/153 kB | 71/472 kB | 19/148 kBProgress (5): 119/202 kB | 69/222 kB | 63/153 kB | 71/472 kB | 19/148 kBProgress (5): 119/202 kB | 69/222 kB | 63/153 kB | 74/472 kB | 19/148 kBProgress (5): 119/202 kB | 69/222 kB | 66/153 kB | 74/472 kB | 19/148 kBProgress (5): 119/202 kB | 69/222 kB | 66/153 kB | 77/472 kB | 19/148 kBProgress (5): 119/202 kB | 71/222 kB | 66/153 kB | 77/472 kB | 19/148 kBProgress (5): 119/202 kB | 71/222 kB | 66/153 kB | 77/472 kB | 22/148 kBProgress (5): 123/202 kB | 71/222 kB | 66/153 kB | 77/472 kB | 22/148 kBProgress (5): 123/202 kB | 71/222 kB | 66/153 kB | 77/472 kB | 25/148 kBProgress (5): 123/202 kB | 74/222 kB | 66/153 kB | 77/472 kB | 25/148 kBProgress (5): 123/202 kB | 74/222 kB | 66/153 kB | 80/472 kB | 25/148 kBProgress (5): 123/202 kB | 74/222 kB | 69/153 kB | 80/472 kB | 25/148 kBProgress (5): 123/202 kB | 77/222 kB | 69/153 kB | 80/472 kB | 25/148 kBProgress (5): 123/202 kB | 77/222 kB | 69/153 kB | 80/472 kB | 27/148 kBProgress (5): 127/202 kB | 77/222 kB | 69/153 kB | 80/472 kB | 27/148 kBProgress (5): 127/202 kB | 77/222 kB | 69/153 kB | 80/472 kB | 30/148 kBProgress (5): 127/202 kB | 80/222 kB | 69/153 kB | 80/472 kB | 30/148 kBProgress (5): 127/202 kB | 80/222 kB | 71/153 kB | 80/472 kB | 30/148 kBProgress (5): 127/202 kB | 80/222 kB | 71/153 kB | 82/472 kB | 30/148 kBProgress (5): 127/202 kB | 80/222 kB | 74/153 kB | 82/472 kB | 30/148 kBProgress (5): 127/202 kB | 82/222 kB | 74/153 kB | 82/472 kB | 30/148 kBProgress (5): 127/202 kB | 82/222 kB | 74/153 kB | 82/472 kB | 33/148 kBProgress (5): 131/202 kB | 82/222 kB | 74/153 kB | 82/472 kB | 33/148 kBProgress (5): 131/202 kB | 82/222 kB | 74/153 kB | 82/472 kB | 36/148 kBProgress (5): 131/202 kB | 85/222 kB | 74/153 kB | 82/472 kB | 36/148 kBProgress (5): 131/202 kB | 85/222 kB | 77/153 kB | 82/472 kB | 36/148 kBProgress (5): 131/202 kB | 85/222 kB | 77/153 kB | 85/472 kB | 36/148 kBProgress (5): 131/202 kB | 85/222 kB | 80/153 kB | 85/472 kB | 36/148 kBProgress (5): 131/202 kB | 88/222 kB | 80/153 kB | 85/472 kB | 36/148 kBProgress (5): 131/202 kB | 88/222 kB | 80/153 kB | 85/472 kB | 38/148 kBProgress (5): 135/202 kB | 88/222 kB | 80/153 kB | 85/472 kB | 38/148 kBProgress (5): 135/202 kB | 88/222 kB | 80/153 kB | 85/472 kB | 41/148 kBProgress (5): 135/202 kB | 90/222 kB | 80/153 kB | 85/472 kB | 41/148 kBProgress (5): 135/202 kB | 90/222 kB | 82/153 kB | 85/472 kB | 41/148 kBProgress (5): 135/202 kB | 90/222 kB | 82/153 kB | 88/472 kB | 41/148 kBProgress (5): 135/202 kB | 90/222 kB | 85/153 kB | 88/472 kB | 41/148 kBProgress (5): 135/202 kB | 93/222 kB | 85/153 kB | 88/472 kB | 41/148 kBProgress (5): 135/202 kB | 93/222 kB | 85/153 kB | 88/472 kB | 44/148 kBProgress (5): 139/202 kB | 93/222 kB | 85/153 kB | 88/472 kB | 44/148 kBProgress (5): 139/202 kB | 93/222 kB | 85/153 kB | 88/472 kB | 47/148 kBProgress (5): 139/202 kB | 96/222 kB | 85/153 kB | 88/472 kB | 47/148 kBProgress (5): 139/202 kB | 96/222 kB | 88/153 kB | 88/472 kB | 47/148 kBProgress (5): 139/202 kB | 96/222 kB | 88/153 kB | 90/472 kB | 47/148 kBProgress (5): 139/202 kB | 96/222 kB | 90/153 kB | 90/472 kB | 47/148 kBProgress (5): 139/202 kB | 99/222 kB | 90/153 kB | 90/472 kB | 47/148 kBProgress (5): 139/202 kB | 99/222 kB | 90/153 kB | 90/472 kB | 49/148 kBProgress (5): 143/202 kB | 99/222 kB | 90/153 kB | 90/472 kB | 49/148 kBProgress (5): 143/202 kB | 99/222 kB | 90/153 kB | 90/472 kB | 52/148 kBProgress (5): 143/202 kB | 101/222 kB | 90/153 kB | 90/472 kB | 52/148 kBProgress (5): 143/202 kB | 101/222 kB | 93/153 kB | 90/472 kB | 52/148 kBProgress (5): 143/202 kB | 101/222 kB | 93/153 kB | 93/472 kB | 52/148 kBProgress (5): 143/202 kB | 101/222 kB | 96/153 kB | 93/472 kB | 52/148 kBProgress (5): 143/202 kB | 104/222 kB | 96/153 kB | 93/472 kB | 52/148 kBProgress (5): 143/202 kB | 104/222 kB | 96/153 kB | 93/472 kB | 55/148 kBProgress (5): 147/202 kB | 104/222 kB | 96/153 kB | 93/472 kB | 55/148 kBProgress (5): 147/202 kB | 104/222 kB | 96/153 kB | 93/472 kB | 58/148 kBProgress (5): 152/202 kB | 104/222 kB | 96/153 kB | 93/472 kB | 58/148 kBProgress (5): 152/202 kB | 107/222 kB | 96/153 kB | 93/472 kB | 58/148 kBProgress (5): 152/202 kB | 107/222 kB | 99/153 kB | 93/472 kB | 58/148 kBProgress (5): 152/202 kB | 107/222 kB | 99/153 kB | 96/472 kB | 58/148 kBProgress (5): 152/202 kB | 107/222 kB | 101/153 kB | 96/472 kB | 58/148 kBProgress (5): 152/202 kB | 110/222 kB | 101/153 kB | 96/472 kB | 58/148 kBProgress (5): 156/202 kB | 110/222 kB | 101/153 kB | 96/472 kB | 58/148 kBProgress (5): 156/202 kB | 110/222 kB | 101/153 kB | 96/472 kB | 60/148 kBProgress (5): 160/202 kB | 110/222 kB | 101/153 kB | 96/472 kB | 60/148 kBProgress (5): 160/202 kB | 112/222 kB | 101/153 kB | 96/472 kB | 60/148 kBProgress (5): 160/202 kB | 112/222 kB | 104/153 kB | 96/472 kB | 60/148 kBProgress (5): 160/202 kB | 112/222 kB | 104/153 kB | 99/472 kB | 60/148 kBProgress (5): 160/202 kB | 112/222 kB | 107/153 kB | 99/472 kB | 60/148 kBProgress (5): 160/202 kB | 115/222 kB | 107/153 kB | 99/472 kB | 60/148 kBProgress (5): 164/202 kB | 115/222 kB | 107/153 kB | 99/472 kB | 60/148 kBProgress (5): 164/202 kB | 115/222 kB | 107/153 kB | 99/472 kB | 63/148 kBProgress (5): 168/202 kB | 115/222 kB | 107/153 kB | 99/472 kB | 63/148 kBProgress (5): 168/202 kB | 118/222 kB | 107/153 kB | 99/472 kB | 63/148 kBProgress (5): 168/202 kB | 118/222 kB | 110/153 kB | 99/472 kB | 63/148 kBProgress (5): 168/202 kB | 118/222 kB | 110/153 kB | 101/472 kB | 63/148 kBProgress (5): 168/202 kB | 118/222 kB | 112/153 kB | 101/472 kB | 63/148 kBProgress (5): 168/202 kB | 121/222 kB | 112/153 kB | 101/472 kB | 63/148 kBProgress (5): 172/202 kB | 121/222 kB | 112/153 kB | 101/472 kB | 63/148 kBProgress (5): 172/202 kB | 121/222 kB | 112/153 kB | 101/472 kB | 66/148 kBProgress (5): 176/202 kB | 121/222 kB | 112/153 kB | 101/472 kB | 66/148 kBProgress (5): 176/202 kB | 123/222 kB | 112/153 kB | 101/472 kB | 66/148 kBProgress (5): 176/202 kB | 123/222 kB | 115/153 kB | 101/472 kB | 66/148 kBProgress (5): 176/202 kB | 123/222 kB | 118/153 kB | 101/472 kB | 66/148 kBProgress (5): 176/202 kB | 123/222 kB | 121/153 kB | 101/472 kB | 66/148 kBProgress (5): 176/202 kB | 123/222 kB | 123/153 kB | 101/472 kB | 66/148 kBProgress (5): 176/202 kB | 123/222 kB | 123/153 kB | 104/472 kB | 66/148 kBProgress (5): 176/202 kB | 123/222 kB | 126/153 kB | 104/472 kB | 66/148 kBProgress (5): 176/202 kB | 126/222 kB | 126/153 kB | 104/472 kB | 66/148 kBProgress (5): 180/202 kB | 126/222 kB | 126/153 kB | 104/472 kB | 66/148 kBProgress (5): 180/202 kB | 126/222 kB | 126/153 kB | 104/472 kB | 69/148 kBProgress (5): 184/202 kB | 126/222 kB | 126/153 kB | 104/472 kB | 69/148 kBProgress (5): 184/202 kB | 129/222 kB | 126/153 kB | 104/472 kB | 69/148 kBProgress (5): 184/202 kB | 129/222 kB | 129/153 kB | 104/472 kB | 69/148 kBProgress (5): 184/202 kB | 129/222 kB | 129/153 kB | 107/472 kB | 69/148 kBProgress (5): 184/202 kB | 129/222 kB | 132/153 kB | 107/472 kB | 69/148 kBProgress (5): 184/202 kB | 132/222 kB | 132/153 kB | 107/472 kB | 69/148 kBProgress (5): 188/202 kB | 132/222 kB | 132/153 kB | 107/472 kB | 69/148 kBProgress (5): 188/202 kB | 132/222 kB | 132/153 kB | 107/472 kB | 71/148 kBProgress (5): 193/202 kB | 132/222 kB | 132/153 kB | 107/472 kB | 71/148 kBProgress (5): 193/202 kB | 134/222 kB | 132/153 kB | 107/472 kB | 71/148 kBProgress (5): 193/202 kB | 134/222 kB | 134/153 kB | 107/472 kB | 71/148 kBProgress (5): 193/202 kB | 134/222 kB | 134/153 kB | 110/472 kB | 71/148 kBProgress (5): 193/202 kB | 134/222 kB | 137/153 kB | 110/472 kB | 71/148 kBProgress (5): 193/202 kB | 137/222 kB | 137/153 kB | 110/472 kB | 71/148 kBProgress (5): 197/202 kB | 137/222 kB | 137/153 kB | 110/472 kB | 71/148 kBProgress (5): 197/202 kB | 137/222 kB | 137/153 kB | 110/472 kB | 74/148 kBProgress (5): 201/202 kB | 137/222 kB | 137/153 kB | 110/472 kB | 74/148 kBProgress (5): 201/202 kB | 140/222 kB | 137/153 kB | 110/472 kB | 74/148 kBProgress (5): 201/202 kB | 140/222 kB | 140/153 kB | 110/472 kB | 74/148 kBProgress (5): 201/202 kB | 140/222 kB | 140/153 kB | 112/472 kB | 74/148 kBProgress (5): 201/202 kB | 140/222 kB | 143/153 kB | 112/472 kB | 74/148 kBProgress (5): 201/202 kB | 143/222 kB | 143/153 kB | 112/472 kB | 74/148 kBProgress (5): 202 kB | 143/222 kB | 143/153 kB | 112/472 kB | 74/148 kB    Progress (5): 202 kB | 143/222 kB | 143/153 kB | 112/472 kB | 77/148 kBProgress (5): 202 kB | 145/222 kB | 143/153 kB | 112/472 kB | 77/148 kBProgress (5): 202 kB | 145/222 kB | 145/153 kB | 112/472 kB | 77/148 kBProgress (5): 202 kB | 145/222 kB | 145/153 kB | 115/472 kB | 77/148 kBProgress (5): 202 kB | 145/222 kB | 148/153 kB | 115/472 kB | 77/148 kBProgress (5): 202 kB | 148/222 kB | 148/153 kB | 115/472 kB | 77/148 kBProgress (5): 202 kB | 148/222 kB | 148/153 kB | 115/472 kB | 80/148 kBProgress (5): 202 kB | 151/222 kB | 148/153 kB | 115/472 kB | 80/148 kBProgress (5): 202 kB | 151/222 kB | 151/153 kB | 115/472 kB | 80/148 kBProgress (5): 202 kB | 151/222 kB | 151/153 kB | 118/472 kB | 80/148 kBProgress (5): 202 kB | 151/222 kB | 153 kB | 118/472 kB | 80/148 kB    Progress (5): 202 kB | 154/222 kB | 153 kB | 118/472 kB | 80/148 kBProgress (5): 202 kB | 154/222 kB | 153 kB | 118/472 kB | 82/148 kBProgress (5): 202 kB | 156/222 kB | 153 kB | 118/472 kB | 82/148 kB                                                                   Downloaded from central: https://repo.maven.apache.org/maven2/org/sonatype/sisu/sisu-inject-plexus/1.4.2/sisu-inject-plexus-1.4.2.jar (202 kB at 3.5 MB/s)
Progress (4): 156/222 kB | 153 kB | 121/472 kB | 82/148 kB                                                          Downloading from central: https://repo.maven.apache.org/maven2/org/apache/maven/maven-aether-provider/3.0/maven-aether-provider-3.0.jar
Progress (4): 159/222 kB | 153 kB | 121/472 kB | 82/148 kBProgress (4): 159/222 kB | 153 kB | 121/472 kB | 85/148 kBProgress (4): 162/222 kB | 153 kB | 121/472 kB | 85/148 kBProgress (4): 162/222 kB | 153 kB | 123/472 kB | 85/148 kB                                                          Downloaded from central: https://repo.maven.apache.org/maven2/org/sonatype/sisu/sisu-inject-bean/1.4.2/sisu-inject-bean-1.4.2.jar (153 kB at 2.5 MB/s)
Progress (3): 165/222 kB | 123/472 kB | 85/148 kBProgress (3): 165/222 kB | 123/472 kB | 88/148 kBProgress (3): 167/222 kB | 123/472 kB | 88/148 kB                                                 Downloading from central: https://repo.maven.apache.org/maven2/org/sonatype/aether/aether-impl/1.7/aether-impl-1.7.jar
Progress (3): 167/222 kB | 126/472 kB | 88/148 kBProgress (3): 170/222 kB | 126/472 kB | 88/148 kBProgress (4): 170/222 kB | 126/472 kB | 88/148 kB | 4.1/51 kBProgress (4): 170/222 kB | 126/472 kB | 90/148 kB | 4.1/51 kBProgress (4): 170/222 kB | 126/472 kB | 90/148 kB | 8.2/51 kBProgress (4): 173/222 kB | 126/472 kB | 90/148 kB | 8.2/51 kBProgress (4): 173/222 kB | 129/472 kB | 90/148 kB | 8.2/51 kBProgress (4): 175/222 kB | 129/472 kB | 90/148 kB | 8.2/51 kBProgress (4): 175/222 kB | 129/472 kB | 90/148 kB | 12/51 kB Progress (4): 175/222 kB | 129/472 kB | 93/148 kB | 12/51 kBProgress (4): 175/222 kB | 129/472 kB | 93/148 kB | 16/51 kBProgress (4): 178/222 kB | 129/472 kB | 93/148 kB | 16/51 kBProgress (4): 178/222 kB | 132/472 kB | 93/148 kB | 16/51 kBProgress (4): 181/222 kB | 132/472 kB | 93/148 kB | 16/51 kBProgress (4): 181/222 kB | 132/472 kB | 93/148 kB | 20/51 kBProgress (4): 181/222 kB | 132/472 kB | 96/148 kB | 20/51 kBProgress (4): 181/222 kB | 132/472 kB | 96/148 kB | 25/51 kBProgress (4): 184/222 kB | 132/472 kB | 96/148 kB | 25/51 kBProgress (4): 184/222 kB | 134/472 kB | 96/148 kB | 25/51 kBProgress (5): 184/222 kB | 134/472 kB | 96/148 kB | 25/51 kB | 4.1/106 kBProgress (5): 184/222 kB | 137/472 kB | 96/148 kB | 25/51 kB | 4.1/106 kBProgress (5): 186/222 kB | 137/472 kB | 96/148 kB | 25/51 kB | 4.1/106 kBProgress (5): 186/222 kB | 137/472 kB | 96/148 kB | 29/51 kB | 4.1/106 kBProgress (5): 186/222 kB | 137/472 kB | 99/148 kB | 29/51 kB | 4.1/106 kBProgress (5): 186/222 kB | 137/472 kB | 99/148 kB | 33/51 kB | 4.1/106 kBProgress (5): 189/222 kB | 137/472 kB | 99/148 kB | 33/51 kB | 4.1/106 kBProgress (5): 189/222 kB | 140/472 kB | 99/148 kB | 33/51 kB | 4.1/106 kBProgress (5): 189/222 kB | 140/472 kB | 99/148 kB | 33/51 kB | 8.2/106 kBProgress (5): 189/222 kB | 143/472 kB | 99/148 kB | 33/51 kB | 8.2/106 kBProgress (5): 192/222 kB | 143/472 kB | 99/148 kB | 33/51 kB | 8.2/106 kBProgress (5): 192/222 kB | 143/472 kB | 99/148 kB | 37/51 kB | 8.2/106 kBProgress (5): 192/222 kB | 143/472 kB | 101/148 kB | 37/51 kB | 8.2/106 kBProgress (5): 192/222 kB | 143/472 kB | 101/148 kB | 41/51 kB | 8.2/106 kBProgress (5): 195/222 kB | 143/472 kB | 101/148 kB | 41/51 kB | 8.2/106 kBProgress (5): 195/222 kB | 145/472 kB | 101/148 kB | 41/51 kB | 8.2/106 kBProgress (5): 195/222 kB | 145/472 kB | 101/148 kB | 41/51 kB | 12/106 kB Progress (5): 195/222 kB | 148/472 kB | 101/148 kB | 41/51 kB | 12/106 kBProgress (5): 197/222 kB | 148/472 kB | 101/148 kB | 41/51 kB | 12/106 kBProgress (5): 197/222 kB | 148/472 kB | 101/148 kB | 45/51 kB | 12/106 kBProgress (5): 197/222 kB | 148/472 kB | 104/148 kB | 45/51 kB | 12/106 kBProgress (5): 197/222 kB | 148/472 kB | 104/148 kB | 49/51 kB | 12/106 kBProgress (5): 200/222 kB | 148/472 kB | 104/148 kB | 49/51 kB | 12/106 kBProgress (5): 200/222 kB | 151/472 kB | 104/148 kB | 49/51 kB | 12/106 kBProgress (5): 200/222 kB | 151/472 kB | 104/148 kB | 49/51 kB | 16/106 kBProgress (5): 200/222 kB | 154/472 kB | 104/148 kB | 49/51 kB | 16/106 kBProgress (5): 203/222 kB | 154/472 kB | 104/148 kB | 49/51 kB | 16/106 kBProgress (5): 203/222 kB | 154/472 kB | 104/148 kB | 51 kB | 16/106 kB   Progress (5): 203/222 kB | 154/472 kB | 107/148 kB | 51 kB | 16/106 kBProgress (5): 206/222 kB | 154/472 kB | 107/148 kB | 51 kB | 16/106 kBProgress (5): 206/222 kB | 156/472 kB | 107/148 kB | 51 kB | 16/106 kBProgress (5): 206/222 kB | 156/472 kB | 107/148 kB | 51 kB | 20/106 kBProgress (5): 206/222 kB | 159/472 kB | 107/148 kB | 51 kB | 20/106 kBProgress (5): 208/222 kB | 159/472 kB | 107/148 kB | 51 kB | 20/106 kBProgress (5): 208/222 kB | 159/472 kB | 110/148 kB | 51 kB | 20/106 kBProgress (5): 211/222 kB | 159/472 kB | 110/148 kB | 51 kB | 20/106 kBProgress (5): 211/222 kB | 162/472 kB | 110/148 kB | 51 kB | 20/106 kBProgress (5): 211/222 kB | 162/472 kB | 110/148 kB | 51 kB | 25/106 kBProgress (5): 211/222 kB | 165/472 kB | 110/148 kB | 51 kB | 25/106 kBProgress (5): 214/222 kB | 165/472 kB | 110/148 kB | 51 kB | 25/106 kBProgress (5): 214/222 kB | 165/472 kB | 112/148 kB | 51 kB | 25/106 kBProgress (5): 217/222 kB | 165/472 kB | 112/148 kB | 51 kB | 25/106 kBProgress (5): 217/222 kB | 167/472 kB | 112/148 kB | 51 kB | 25/106 kBProgress (5): 217/222 kB | 167/472 kB | 112/148 kB | 51 kB | 29/106 kBProgress (5): 217/222 kB | 170/472 kB | 112/148 kB | 51 kB | 29/106 kBProgress (5): 219/222 kB | 170/472 kB | 112/148 kB | 51 kB | 29/106 kB                                                                      Downloaded from central: https://repo.maven.apache.org/maven2/org/apache/maven/maven-aether-provider/3.0/maven-aether-provider-3.0.jar (51 kB at 683 kB/s)
Progress (4): 219/222 kB | 170/472 kB | 115/148 kB | 29/106 kB                                                              Downloading from central: https://repo.maven.apache.org/maven2/org/sonatype/aether/aether-spi/1.7/aether-spi-1.7.jar
Progress (4): 222/222 kB | 170/472 kB | 115/148 kB | 29/106 kBProgress (4): 222/222 kB | 173/472 kB | 115/148 kB | 29/106 kBProgress (4): 222/222 kB | 173/472 kB | 115/148 kB | 33/106 kBProgress (4): 222/222 kB | 175/472 kB | 115/148 kB | 33/106 kBProgress (4): 222 kB | 175/472 kB | 115/148 kB | 33/106 kB    Progress (4): 222 kB | 175/472 kB | 118/148 kB | 33/106 kBProgress (4): 222 kB | 178/472 kB | 118/148 kB | 33/106 kBProgress (4): 222 kB | 178/472 kB | 118/148 kB | 37/106 kBProgress (4): 222 kB | 178/472 kB | 118/148 kB | 41/106 kBProgress (5): 222 kB | 178/472 kB | 118/148 kB | 41/106 kB | 4.1/14 kBProgress (5): 222 kB | 181/472 kB | 118/148 kB | 41/106 kB | 4.1/14 kBProgress (5): 222 kB | 181/472 kB | 121/148 kB | 41/106 kB | 4.1/14 kBProgress (5): 222 kB | 184/472 kB | 121/148 kB | 41/106 kB | 4.1/14 kBProgress (5): 222 kB | 184/472 kB | 121/148 kB | 41/106 kB | 8.2/14 kBProgress (5): 222 kB | 184/472 kB | 121/148 kB | 45/106 kB | 8.2/14 kBProgress (5): 222 kB | 184/472 kB | 121/148 kB | 45/106 kB | 12/14 kB Progress (5): 222 kB | 186/472 kB | 121/148 kB | 45/106 kB | 12/14 kB                                                                     Downloaded from central: https://repo.maven.apache.org/maven2/org/codehaus/plexus/plexus-utils/2.0.4/plexus-utils-2.0.4.jar (222 kB at 2.8 MB/s)
Progress (4): 186/472 kB | 123/148 kB | 45/106 kB | 12/14 kB                                                            Downloading from central: https://repo.maven.apache.org/maven2/org/sonatype/aether/aether-api/1.7/aether-api-1.7.jar
Progress (4): 189/472 kB | 123/148 kB | 45/106 kB | 12/14 kBProgress (4): 189/472 kB | 123/148 kB | 45/106 kB | 14 kB   Progress (4): 189/472 kB | 123/148 kB | 49/106 kB | 14 kBProgress (4): 192/472 kB | 123/148 kB | 49/106 kB | 14 kBProgress (4): 192/472 kB | 123/148 kB | 53/106 kB | 14 kBProgress (4): 192/472 kB | 126/148 kB | 53/106 kB | 14 kBProgress (4): 192/472 kB | 126/148 kB | 57/106 kB | 14 kBProgress (4): 195/472 kB | 126/148 kB | 57/106 kB | 14 kBProgress (4): 195/472 kB | 126/148 kB | 61/106 kB | 14 kBProgress (4): 195/472 kB | 129/148 kB | 61/106 kB | 14 kBProgress (4): 195/472 kB | 129/148 kB | 66/106 kB | 14 kBProgress (4): 197/472 kB | 129/148 kB | 66/106 kB | 14 kBProgress (5): 197/472 kB | 129/148 kB | 66/106 kB | 14 kB | 4.1/74 kBProgress (5): 197/472 kB | 129/148 kB | 70/106 kB | 14 kB | 4.1/74 kBProgress (5): 197/472 kB | 132/148 kB | 70/106 kB | 14 kB | 4.1/74 kB                                                                     Downloaded from central: https://repo.maven.apache.org/maven2/org/sonatype/aether/aether-spi/1.7/aether-spi-1.7.jar (14 kB at 163 kB/s)
Progress (4): 197/472 kB | 132/148 kB | 74/106 kB | 4.1/74 kBProgress (4): 197/472 kB | 132/148 kB | 74/106 kB | 8.2/74 kBProgress (4): 200/472 kB | 132/148 kB | 74/106 kB | 8.2/74 kBProgress (4): 200/472 kB | 132/148 kB | 74/106 kB | 12/74 kB Progress (4): 200/472 kB | 132/148 kB | 78/106 kB | 12/74 kB                                                            Downloading from central: https://repo.maven.apache.org/maven2/org/sonatype/aether/aether-util/1.7/aether-util-1.7.jar
Progress (4): 200/472 kB | 134/148 kB | 78/106 kB | 12/74 kBProgress (4): 200/472 kB | 134/148 kB | 82/106 kB | 12/74 kBProgress (4): 200/472 kB | 134/148 kB | 82/106 kB | 16/74 kBProgress (4): 203/472 kB | 134/148 kB | 82/106 kB | 16/74 kBProgress (4): 203/472 kB | 134/148 kB | 82/106 kB | 20/74 kBProgress (4): 203/472 kB | 134/148 kB | 86/106 kB | 20/74 kBProgress (4): 203/472 kB | 137/148 kB | 86/106 kB | 20/74 kBProgress (4): 203/472 kB | 137/148 kB | 90/106 kB | 20/74 kBProgress (4): 203/472 kB | 137/148 kB | 90/106 kB | 25/74 kBProgress (4): 206/472 kB | 137/148 kB | 90/106 kB | 25/74 kBProgress (4): 206/472 kB | 137/148 kB | 90/106 kB | 29/74 kBProgress (4): 206/472 kB | 137/148 kB | 94/106 kB | 29/74 kBProgress (4): 206/472 kB | 140/148 kB | 94/106 kB | 29/74 kBProgress (4): 206/472 kB | 140/148 kB | 98/106 kB | 29/74 kBProgress (4): 206/472 kB | 140/148 kB | 98/106 kB | 33/74 kBProgress (4): 208/472 kB | 140/148 kB | 98/106 kB | 33/74 kBProgress (4): 208/472 kB | 140/148 kB | 98/106 kB | 37/74 kBProgress (4): 208/472 kB | 140/148 kB | 102/106 kB | 37/74 kBProgress (5): 208/472 kB | 140/148 kB | 102/106 kB | 37/74 kB | 4.1/108 kBProgress (5): 208/472 kB | 143/148 kB | 102/106 kB | 37/74 kB | 4.1/108 kBProgress (5): 208/472 kB | 143/148 kB | 102/106 kB | 37/74 kB | 8.2/108 kBProgress (5): 208/472 kB | 143/148 kB | 106 kB | 37/74 kB | 8.2/108 kB    Progress (5): 208/472 kB | 143/148 kB | 106 kB | 41/74 kB | 8.2/108 kBProgress (5): 211/472 kB | 143/148 kB | 106 kB | 41/74 kB | 8.2/108 kBProgress (5): 211/472 kB | 143/148 kB | 106 kB | 45/74 kB | 8.2/108 kBProgress (5): 211/472 kB | 143/148 kB | 106 kB | 45/74 kB | 12/108 kB Progress (5): 211/472 kB | 145/148 kB | 106 kB | 45/74 kB | 12/108 kBProgress (5): 211/472 kB | 145/148 kB | 106 kB | 45/74 kB | 16/108 kBProgress (5): 211/472 kB | 145/148 kB | 106 kB | 49/74 kB | 16/108 kBProgress (5): 214/472 kB | 145/148 kB | 106 kB | 49/74 kB | 16/108 kBProgress (5): 214/472 kB | 145/148 kB | 106 kB | 53/74 kB | 16/108 kBProgress (5): 214/472 kB | 145/148 kB | 106 kB | 53/74 kB | 20/108 kBProgress (5): 214/472 kB | 148 kB | 106 kB | 53/74 kB | 20/108 kB    Progress (5): 214/472 kB | 148 kB | 106 kB | 53/74 kB | 25/108 kBProgress (5): 214/472 kB | 148 kB | 106 kB | 57/74 kB | 25/108 kBProgress (5): 217/472 kB | 148 kB | 106 kB | 57/74 kB | 25/108 kBProgress (5): 217/472 kB | 148 kB | 106 kB | 61/74 kB | 25/108 kBProgress (5): 217/472 kB | 148 kB | 106 kB | 61/74 kB | 29/108 kB                                                                 Downloaded from central: https://repo.maven.apache.org/maven2/org/sonatype/aether/aether-impl/1.7/aether-impl-1.7.jar (106 kB at 1.1 MB/s)
Progress (4): 217/472 kB | 148 kB | 66/74 kB | 29/108 kBProgress (4): 219/472 kB | 148 kB | 66/74 kB | 29/108 kBProgress (4): 219/472 kB | 148 kB | 70/74 kB | 29/108 kB                                                        Downloading from central: https://repo.maven.apache.org/maven2/org/codehaus/plexus/plexus-interpolation/1.14/plexus-interpolation-1.14.jar
Progress (4): 219/472 kB | 148 kB | 70/74 kB | 33/108 kB                                                        Downloaded from central: https://repo.maven.apache.org/maven2/org/apache/maven/maven-model-builder/3.0/maven-model-builder-3.0.jar (148 kB at 1.6 MB/s)
Progress (3): 219/472 kB | 74/74 kB | 33/108 kBProgress (3): 222/472 kB | 74/74 kB | 33/108 kBProgress (3): 222/472 kB | 74 kB | 33/108 kB                                               Downloading from central: https://repo.maven.apache.org/maven2/org/codehaus/plexus/plexus-classworlds/2.2.3/plexus-classworlds-2.2.3.jar
Progress (3): 222/472 kB | 74 kB | 37/108 kBProgress (3): 225/472 kB | 74 kB | 37/108 kBProgress (3): 225/472 kB | 74 kB | 41/108 kBProgress (3): 228/472 kB | 74 kB | 41/108 kBProgress (3): 228/472 kB | 74 kB | 45/108 kBProgress (4): 228/472 kB | 74 kB | 45/108 kB | 4.1/61 kBProgress (4): 230/472 kB | 74 kB | 45/108 kB | 4.1/61 kBProgress (4): 230/472 kB | 74 kB | 45/108 kB | 8.2/61 kBProgress (4): 230/472 kB | 74 kB | 49/108 kB | 8.2/61 kBProgress (4): 230/472 kB | 74 kB | 49/108 kB | 12/61 kB Progress (4): 233/472 kB | 74 kB | 49/108 kB | 12/61 kBProgress (5): 233/472 kB | 74 kB | 49/108 kB | 12/61 kB | 2.7/46 kB                                                                   Downloaded from central: https://repo.maven.apache.org/maven2/org/sonatype/aether/aether-api/1.7/aether-api-1.7.jar (74 kB at 749 kB/s)
Progress (4): 233/472 kB | 49/108 kB | 16/61 kB | 2.7/46 kBProgress (4): 233/472 kB | 53/108 kB | 16/61 kB | 2.7/46 kBProgress (4): 233/472 kB | 53/108 kB | 20/61 kB | 2.7/46 kB                                                           Downloading from central: https://repo.maven.apache.org/maven2/org/codehaus/plexus/plexus-component-annotations/1.7.1/plexus-component-annotations-1.7.1.jar
Progress (4): 233/472 kB | 53/108 kB | 20/61 kB | 5.5/46 kBProgress (4): 236/472 kB | 53/108 kB | 20/61 kB | 5.5/46 kBProgress (4): 236/472 kB | 53/108 kB | 20/61 kB | 8.2/46 kBProgress (4): 236/472 kB | 53/108 kB | 25/61 kB | 8.2/46 kBProgress (4): 236/472 kB | 57/108 kB | 25/61 kB | 8.2/46 kBProgress (4): 236/472 kB | 57/108 kB | 29/61 kB | 8.2/46 kBProgress (4): 236/472 kB | 57/108 kB | 29/61 kB | 11/46 kB Progress (4): 239/472 kB | 57/108 kB | 29/61 kB | 11/46 kBProgress (4): 239/472 kB | 57/108 kB | 29/61 kB | 14/46 kBProgress (4): 239/472 kB | 57/108 kB | 33/61 kB | 14/46 kBProgress (4): 239/472 kB | 61/108 kB | 33/61 kB | 14/46 kBProgress (4): 239/472 kB | 61/108 kB | 37/61 kB | 14/46 kBProgress (5): 239/472 kB | 61/108 kB | 37/61 kB | 14/46 kB | 4.1/4.3 kBProgress (5): 239/472 kB | 61/108 kB | 37/61 kB | 16/46 kB | 4.1/4.3 kBProgress (5): 241/472 kB | 61/108 kB | 37/61 kB | 16/46 kB | 4.1/4.3 kBProgress (5): 241/472 kB | 61/108 kB | 37/61 kB | 19/46 kB | 4.1/4.3 kBProgress (5): 241/472 kB | 61/108 kB | 37/61 kB | 19/46 kB | 4.3 kB    Progress (5): 241/472 kB | 61/108 kB | 41/61 kB | 19/46 kB | 4.3 kBProgress (5): 241/472 kB | 66/108 kB | 41/61 kB | 19/46 kB | 4.3 kBProgress (5): 241/472 kB | 66/108 kB | 45/61 kB | 19/46 kB | 4.3 kBProgress (5): 241/472 kB | 66/108 kB | 45/61 kB | 22/46 kB | 4.3 kBProgress (5): 244/472 kB | 66/108 kB | 45/61 kB | 22/46 kB | 4.3 kBProgress (5): 244/472 kB | 66/108 kB | 45/61 kB | 25/46 kB | 4.3 kBProgress (5): 244/472 kB | 66/108 kB | 49/61 kB | 25/46 kB | 4.3 kBProgress (5): 244/472 kB | 70/108 kB | 49/61 kB | 25/46 kB | 4.3 kBProgress (5): 244/472 kB | 70/108 kB | 53/61 kB | 25/46 kB | 4.3 kBProgress (5): 244/472 kB | 70/108 kB | 53/61 kB | 27/46 kB | 4.3 kBProgress (5): 244/472 kB | 70/108 kB | 53/61 kB | 30/46 kB | 4.3 kBProgress (5): 244/472 kB | 70/108 kB | 53/61 kB | 33/46 kB | 4.3 kBProgress (5): 244/472 kB | 70/108 kB | 53/61 kB | 36/46 kB | 4.3 kBProgress (5): 244/472 kB | 70/108 kB | 53/61 kB | 38/46 kB | 4.3 kBProgress (5): 244/472 kB | 70/108 kB | 53/61 kB | 41/46 kB | 4.3 kBProgress (5): 244/472 kB | 70/108 kB | 53/61 kB | 44/46 kB | 4.3 kBProgress (5): 244/472 kB | 70/108 kB | 53/61 kB | 46 kB | 4.3 kB   Progress (5): 247/472 kB | 70/108 kB | 53/61 kB | 46 kB | 4.3 kB                                                                Downloaded from central: https://repo.maven.apache.org/maven2/org/codehaus/plexus/plexus-component-annotations/1.7.1/plexus-component-annotations-1.7.1.jar (4.3 kB at 39 kB/s)
Progress (4): 247/472 kB | 70/108 kB | 57/61 kB | 46 kBProgress (4): 247/472 kB | 74/108 kB | 57/61 kB | 46 kBProgress (4): 247/472 kB | 74/108 kB | 61 kB | 46 kB                                                       Downloading from central: https://repo.maven.apache.org/maven2/org/sonatype/plexus/plexus-sec-dispatcher/1.3/plexus-sec-dispatcher-1.3.jar
Progress (4): 250/472 kB | 74/108 kB | 61 kB | 46 kBProgress (4): 250/472 kB | 78/108 kB | 61 kB | 46 kBProgress (4): 252/472 kB | 78/108 kB | 61 kB | 46 kBProgress (4): 252/472 kB | 82/108 kB | 61 kB | 46 kB                                                    Downloaded from central: https://repo.maven.apache.org/maven2/org/codehaus/plexus/plexus-classworlds/2.2.3/plexus-classworlds-2.2.3.jar (46 kB at 408 kB/s)
Progress (3): 252/472 kB | 86/108 kB | 61 kBProgress (3): 255/472 kB | 86/108 kB | 61 kBProgress (3): 255/472 kB | 90/108 kB | 61 kB                                            Downloading from central: https://repo.maven.apache.org/maven2/org/sonatype/plexus/plexus-cipher/1.4/plexus-cipher-1.4.jar
Progress (4): 255/472 kB | 90/108 kB | 61 kB | 4.1/29 kB                                                        Downloaded from central: https://repo.maven.apache.org/maven2/org/codehaus/plexus/plexus-interpolation/1.14/plexus-interpolation-1.14.jar (61 kB at 536 kB/s)
Progress (3): 259/472 kB | 90/108 kB | 4.1/29 kBProgress (3): 259/472 kB | 94/108 kB | 4.1/29 kBProgress (3): 263/472 kB | 94/108 kB | 4.1/29 kB                                                Downloading from central: https://repo.maven.apache.org/maven2/commons-io/commons-io/2.5/commons-io-2.5.jar
Progress (3): 263/472 kB | 94/108 kB | 8.2/29 kBProgress (4): 263/472 kB | 94/108 kB | 8.2/29 kB | 4.1/13 kBProgress (4): 267/472 kB | 94/108 kB | 8.2/29 kB | 4.1/13 kBProgress (4): 267/472 kB | 98/108 kB | 8.2/29 kB | 4.1/13 kBProgress (4): 271/472 kB | 98/108 kB | 8.2/29 kB | 4.1/13 kBProgress (4): 271/472 kB | 98/108 kB | 8.2/29 kB | 8.2/13 kBProgress (4): 271/472 kB | 98/108 kB | 12/29 kB | 8.2/13 kB Progress (4): 271/472 kB | 98/108 kB | 12/29 kB | 12/13 kB Progress (4): 275/472 kB | 98/108 kB | 12/29 kB | 12/13 kBProgress (4): 280/472 kB | 98/108 kB | 12/29 kB | 12/13 kBProgress (4): 284/472 kB | 98/108 kB | 12/29 kB | 12/13 kBProgress (4): 288/472 kB | 98/108 kB | 12/29 kB | 12/13 kBProgress (5): 288/472 kB | 98/108 kB | 12/29 kB | 12/13 kB | 4.1/209 kBProgress (5): 288/472 kB | 102/108 kB | 12/29 kB | 12/13 kB | 4.1/209 kBProgress (5): 288/472 kB | 102/108 kB | 12/29 kB | 12/13 kB | 8.2/209 kBProgress (5): 292/472 kB | 102/108 kB | 12/29 kB | 12/13 kB | 8.2/209 kBProgress (5): 292/472 kB | 102/108 kB | 12/29 kB | 13 kB | 8.2/209 kB   Progress (5): 292/472 kB | 102/108 kB | 16/29 kB | 13 kB | 8.2/209 kBProgress (5): 296/472 kB | 102/108 kB | 16/29 kB | 13 kB | 8.2/209 kBProgress (5): 296/472 kB | 102/108 kB | 16/29 kB | 13 kB | 12/209 kB Progress (5): 296/472 kB | 106/108 kB | 16/29 kB | 13 kB | 12/209 kBProgress (5): 296/472 kB | 106/108 kB | 16/29 kB | 13 kB | 16/209 kBProgress (5): 300/472 kB | 106/108 kB | 16/29 kB | 13 kB | 16/209 kBProgress (5): 300/472 kB | 106/108 kB | 20/29 kB | 13 kB | 16/209 kBProgress (5): 304/472 kB | 106/108 kB | 20/29 kB | 13 kB | 16/209 kBProgress (5): 304/472 kB | 106/108 kB | 20/29 kB | 13 kB | 20/209 kBProgress (5): 304/472 kB | 108 kB | 20/29 kB | 13 kB | 20/209 kB                                                                    Downloaded from central: https://repo.maven.apache.org/maven2/org/sonatype/plexus/plexus-cipher/1.4/plexus-cipher-1.4.jar (13 kB at 112 kB/s)
Progress (4): 304/472 kB | 108 kB | 20/29 kB | 25/209 kBProgress (4): 308/472 kB | 108 kB | 20/29 kB | 25/209 kBProgress (4): 308/472 kB | 108 kB | 25/29 kB | 25/209 kBProgress (4): 312/472 kB | 108 kB | 25/29 kB | 25/209 kBProgress (4): 312/472 kB | 108 kB | 25/29 kB | 29/209 kB                                                        Downloading from central: https://repo.maven.apache.org/maven2/org/ow2/asm/asm/6.2/asm-6.2.jar
Progress (4): 312/472 kB | 108 kB | 25/29 kB | 33/209 kBProgress (4): 316/472 kB | 108 kB | 25/29 kB | 33/209 kBProgress (4): 316/472 kB | 108 kB | 29 kB | 33/209 kB   Progress (4): 321/472 kB | 108 kB | 29 kB | 33/209 kBProgress (4): 321/472 kB | 108 kB | 29 kB | 37/209 kB                                                     Downloaded from central: https://repo.maven.apache.org/maven2/org/sonatype/aether/aether-util/1.7/aether-util-1.7.jar (108 kB at 864 kB/s)
Progress (3): 321/472 kB | 29 kB | 41/209 kBProgress (3): 325/472 kB | 29 kB | 41/209 kBProgress (3): 325/472 kB | 29 kB | 45/209 kB                                            Downloading from central: https://repo.maven.apache.org/maven2/com/thoughtworks/qdox/qdox/2.0-M9/qdox-2.0-M9.jar
Progress (4): 325/472 kB | 29 kB | 45/209 kB | 4.1/111 kBProgress (4): 325/472 kB | 29 kB | 49/209 kB | 4.1/111 kBProgress (4): 329/472 kB | 29 kB | 49/209 kB | 4.1/111 kB                                                         Downloaded from central: https://repo.maven.apache.org/maven2/org/sonatype/plexus/plexus-sec-dispatcher/1.3/plexus-sec-dispatcher-1.3.jar (29 kB at 225 kB/s)
Progress (3): 329/472 kB | 53/209 kB | 4.1/111 kBProgress (3): 329/472 kB | 53/209 kB | 8.2/111 kBProgress (3): 329/472 kB | 57/209 kB | 8.2/111 kBProgress (3): 333/472 kB | 57/209 kB | 8.2/111 kBProgress (3): 333/472 kB | 61/209 kB | 8.2/111 kBProgress (3): 333/472 kB | 61/209 kB | 12/111 kB Progress (3): 333/472 kB | 66/209 kB | 12/111 kBProgress (3): 337/472 kB | 66/209 kB | 12/111 kBProgress (3): 337/472 kB | 70/209 kB | 12/111 kBProgress (3): 337/472 kB | 70/209 kB | 16/111 kBProgress (3): 341/472 kB | 70/209 kB | 16/111 kBProgress (3): 341/472 kB | 70/209 kB | 20/111 kBProgress (3): 341/472 kB | 74/209 kB | 20/111 kBProgress (4): 341/472 kB | 74/209 kB | 20/111 kB | 4.1/317 kBProgress (4): 341/472 kB | 78/209 kB | 20/111 kB | 4.1/317 kBProgress (4): 341/472 kB | 78/209 kB | 25/111 kB | 4.1/317 kBProgress (4): 345/472 kB | 78/209 kB | 25/111 kB | 4.1/317 kBProgress (4): 345/472 kB | 78/209 kB | 29/111 kB | 4.1/317 kBProgress (4): 345/472 kB | 82/209 kB | 29/111 kB | 4.1/317 kBProgress (4): 345/472 kB | 82/209 kB | 29/111 kB | 8.2/317 kBProgress (4): 345/472 kB | 86/209 kB | 29/111 kB | 8.2/317 kBProgress (4): 345/472 kB | 86/209 kB | 33/111 kB | 8.2/317 kBProgress (4): 345/472 kB | 86/209 kB | 37/111 kB | 8.2/317 kBProgress (4): 349/472 kB | 86/209 kB | 37/111 kB | 8.2/317 kBProgress (4): 349/472 kB | 86/209 kB | 41/111 kB | 8.2/317 kBProgress (4): 349/472 kB | 90/209 kB | 41/111 kB | 8.2/317 kBProgress (4): 349/472 kB | 90/209 kB | 41/111 kB | 12/317 kB Progress (4): 349/472 kB | 94/209 kB | 41/111 kB | 12/317 kBProgress (4): 349/472 kB | 94/209 kB | 45/111 kB | 12/317 kBProgress (4): 353/472 kB | 94/209 kB | 45/111 kB | 12/317 kBProgress (4): 353/472 kB | 94/209 kB | 49/111 kB | 12/317 kBProgress (4): 353/472 kB | 98/209 kB | 49/111 kB | 12/317 kBProgress (4): 353/472 kB | 98/209 kB | 49/111 kB | 16/317 kBProgress (4): 353/472 kB | 98/209 kB | 49/111 kB | 20/317 kBProgress (4): 353/472 kB | 98/209 kB | 49/111 kB | 25/317 kBProgress (4): 353/472 kB | 98/209 kB | 49/111 kB | 29/317 kBProgress (4): 353/472 kB | 98/209 kB | 49/111 kB | 33/317 kBProgress (4): 353/472 kB | 98/209 kB | 49/111 kB | 37/317 kBProgress (4): 353/472 kB | 98/209 kB | 49/111 kB | 41/317 kBProgress (4): 353/472 kB | 98/209 kB | 49/111 kB | 45/317 kBProgress (4): 353/472 kB | 98/209 kB | 49/111 kB | 49/317 kBProgress (4): 353/472 kB | 98/209 kB | 49/111 kB | 53/317 kBProgress (4): 353/472 kB | 98/209 kB | 49/111 kB | 57/317 kBProgress (4): 353/472 kB | 98/209 kB | 49/111 kB | 61/317 kBProgress (4): 353/472 kB | 98/209 kB | 49/111 kB | 66/317 kBProgress (4): 353/472 kB | 98/209 kB | 49/111 kB | 70/317 kBProgress (4): 353/472 kB | 98/209 kB | 49/111 kB | 74/317 kBProgress (4): 353/472 kB | 98/209 kB | 49/111 kB | 78/317 kBProgress (4): 353/472 kB | 98/209 kB | 49/111 kB | 82/317 kBProgress (4): 353/472 kB | 98/209 kB | 49/111 kB | 86/317 kBProgress (4): 353/472 kB | 98/209 kB | 49/111 kB | 90/317 kBProgress (4): 353/472 kB | 98/209 kB | 49/111 kB | 94/317 kBProgress (4): 353/472 kB | 98/209 kB | 49/111 kB | 98/317 kBProgress (4): 353/472 kB | 98/209 kB | 49/111 kB | 102/317 kBProgress (4): 353/472 kB | 98/209 kB | 49/111 kB | 106/317 kBProgress (4): 353/472 kB | 98/209 kB | 49/111 kB | 111/317 kBProgress (4): 353/472 kB | 102/209 kB | 49/111 kB | 111/317 kBProgress (4): 353/472 kB | 102/209 kB | 53/111 kB | 111/317 kBProgress (4): 357/472 kB | 102/209 kB | 53/111 kB | 111/317 kBProgress (4): 357/472 kB | 102/209 kB | 57/111 kB | 111/317 kBProgress (4): 357/472 kB | 106/209 kB | 57/111 kB | 111/317 kBProgress (4): 357/472 kB | 106/209 kB | 57/111 kB | 115/317 kBProgress (4): 357/472 kB | 111/209 kB | 57/111 kB | 115/317 kBProgress (4): 357/472 kB | 111/209 kB | 57/111 kB | 119/317 kBProgress (4): 357/472 kB | 111/209 kB | 61/111 kB | 119/317 kBProgress (4): 362/472 kB | 111/209 kB | 61/111 kB | 119/317 kBProgress (4): 362/472 kB | 111/209 kB | 66/111 kB | 119/317 kBProgress (4): 362/472 kB | 111/209 kB | 66/111 kB | 123/317 kBProgress (4): 362/472 kB | 115/209 kB | 66/111 kB | 123/317 kBProgress (4): 362/472 kB | 115/209 kB | 66/111 kB | 127/317 kBProgress (4): 362/472 kB | 115/209 kB | 70/111 kB | 127/317 kBProgress (4): 366/472 kB | 115/209 kB | 70/111 kB | 127/317 kBProgress (4): 366/472 kB | 115/209 kB | 74/111 kB | 127/317 kBProgress (4): 366/472 kB | 115/209 kB | 74/111 kB | 131/317 kBProgress (4): 366/472 kB | 119/209 kB | 74/111 kB | 131/317 kBProgress (4): 366/472 kB | 119/209 kB | 78/111 kB | 131/317 kBProgress (4): 370/472 kB | 119/209 kB | 78/111 kB | 131/317 kBProgress (4): 370/472 kB | 119/209 kB | 82/111 kB | 131/317 kBProgress (4): 370/472 kB | 123/209 kB | 82/111 kB | 131/317 kBProgress (4): 370/472 kB | 123/209 kB | 82/111 kB | 135/317 kBProgress (4): 370/472 kB | 127/209 kB | 82/111 kB | 135/317 kBProgress (4): 370/472 kB | 127/209 kB | 86/111 kB | 135/317 kBProgress (4): 374/472 kB | 127/209 kB | 86/111 kB | 135/317 kBProgress (4): 374/472 kB | 127/209 kB | 90/111 kB | 135/317 kBProgress (4): 374/472 kB | 131/209 kB | 90/111 kB | 135/317 kBProgress (4): 374/472 kB | 131/209 kB | 90/111 kB | 139/317 kBProgress (4): 374/472 kB | 135/209 kB | 90/111 kB | 139/317 kBProgress (4): 374/472 kB | 135/209 kB | 94/111 kB | 139/317 kBProgress (4): 378/472 kB | 135/209 kB | 94/111 kB | 139/317 kBProgress (4): 378/472 kB | 135/209 kB | 98/111 kB | 139/317 kBProgress (4): 378/472 kB | 139/209 kB | 98/111 kB | 139/317 kBProgress (4): 378/472 kB | 139/209 kB | 98/111 kB | 143/317 kBProgress (4): 378/472 kB | 143/209 kB | 98/111 kB | 143/317 kBProgress (4): 378/472 kB | 143/209 kB | 102/111 kB | 143/317 kBProgress (4): 382/472 kB | 143/209 kB | 102/111 kB | 143/317 kBProgress (4): 382/472 kB | 143/209 kB | 106/111 kB | 143/317 kBProgress (4): 382/472 kB | 147/209 kB | 106/111 kB | 143/317 kBProgress (4): 382/472 kB | 147/209 kB | 106/111 kB | 147/317 kBProgress (4): 382/472 kB | 152/209 kB | 106/111 kB | 147/317 kBProgress (4): 382/472 kB | 152/209 kB | 111/111 kB | 147/317 kBProgress (4): 386/472 kB | 152/209 kB | 111/111 kB | 147/317 kBProgress (4): 386/472 kB | 152/209 kB | 111 kB | 147/317 kB    Progress (4): 386/472 kB | 152/209 kB | 111 kB | 152/317 kBProgress (4): 386/472 kB | 156/209 kB | 111 kB | 152/317 kBProgress (4): 386/472 kB | 156/209 kB | 111 kB | 156/317 kBProgress (4): 390/472 kB | 156/209 kB | 111 kB | 156/317 kBProgress (4): 390/472 kB | 156/209 kB | 111 kB | 160/317 kBProgress (4): 390/472 kB | 160/209 kB | 111 kB | 160/317 kBProgress (4): 390/472 kB | 160/209 kB | 111 kB | 164/317 kBProgress (4): 394/472 kB | 160/209 kB | 111 kB | 164/317 kBProgress (4): 394/472 kB | 160/209 kB | 111 kB | 168/317 kBProgress (4): 394/472 kB | 164/209 kB | 111 kB | 168/317 kBProgress (4): 394/472 kB | 164/209 kB | 111 kB | 172/317 kBProgress (4): 398/472 kB | 164/209 kB | 111 kB | 172/317 kBProgress (4): 398/472 kB | 164/209 kB | 111 kB | 176/317 kBProgress (4): 398/472 kB | 168/209 kB | 111 kB | 176/317 kBProgress (4): 398/472 kB | 168/209 kB | 111 kB | 180/317 kBProgress (4): 402/472 kB | 168/209 kB | 111 kB | 180/317 kBProgress (4): 402/472 kB | 168/209 kB | 111 kB | 184/317 kB                                                           Downloaded from central: https://repo.maven.apache.org/maven2/org/ow2/asm/asm/6.2/asm-6.2.jar (111 kB at 732 kB/s)
Progress (3): 402/472 kB | 172/209 kB | 184/317 kBProgress (3): 407/472 kB | 172/209 kB | 184/317 kBProgress (3): 407/472 kB | 172/209 kB | 188/317 kBProgress (3): 411/472 kB | 172/209 kB | 188/317 kBProgress (3): 411/472 kB | 176/209 kB | 188/317 kBProgress (3): 415/472 kB | 176/209 kB | 188/317 kBProgress (3): 415/472 kB | 176/209 kB | 193/317 kBProgress (3): 419/472 kB | 176/209 kB | 193/317 kBProgress (3): 419/472 kB | 180/209 kB | 193/317 kBProgress (3): 419/472 kB | 180/209 kB | 197/317 kBProgress (3): 423/472 kB | 180/209 kB | 197/317 kBProgress (3): 423/472 kB | 184/209 kB | 197/317 kBProgress (3): 427/472 kB | 184/209 kB | 197/317 kBProgress (3): 427/472 kB | 184/209 kB | 201/317 kBProgress (3): 431/472 kB | 184/209 kB | 201/317 kBProgress (3): 431/472 kB | 188/209 kB | 201/317 kBProgress (3): 435/472 kB | 188/209 kB | 201/317 kBProgress (3): 435/472 kB | 188/209 kB | 205/317 kBProgress (3): 435/472 kB | 193/209 kB | 205/317 kBProgress (3): 439/472 kB | 193/209 kB | 205/317 kBProgress (3): 439/472 kB | 193/209 kB | 209/317 kBProgress (3): 443/472 kB | 193/209 kB | 209/317 kBProgress (3): 443/472 kB | 197/209 kB | 209/317 kBProgress (3): 448/472 kB | 197/209 kB | 209/317 kBProgress (3): 448/472 kB | 197/209 kB | 213/317 kBProgress (3): 452/472 kB | 197/209 kB | 213/317 kBProgress (3): 452/472 kB | 201/209 kB | 213/317 kBProgress (3): 456/472 kB | 201/209 kB | 213/317 kBProgress (3): 456/472 kB | 201/209 kB | 217/317 kBProgress (3): 460/472 kB | 201/209 kB | 217/317 kBProgress (3): 460/472 kB | 205/209 kB | 217/317 kBProgress (3): 464/472 kB | 205/209 kB | 217/317 kBProgress (3): 464/472 kB | 205/209 kB | 221/317 kBProgress (3): 468/472 kB | 205/209 kB | 221/317 kBProgress (3): 468/472 kB | 209 kB | 221/317 kB    Progress (3): 472 kB | 209 kB | 221/317 kB    Progress (3): 472 kB | 209 kB | 225/317 kBProgress (3): 472 kB | 209 kB | 229/317 kBProgress (3): 472 kB | 209 kB | 233/317 kBProgress (3): 472 kB | 209 kB | 238/317 kBProgress (3): 472 kB | 209 kB | 242/317 kBProgress (3): 472 kB | 209 kB | 246/317 kBProgress (3): 472 kB | 209 kB | 250/317 kBProgress (3): 472 kB | 209 kB | 254/317 kBProgress (3): 472 kB | 209 kB | 258/317 kBProgress (3): 472 kB | 209 kB | 262/317 kBProgress (3): 472 kB | 209 kB | 266/317 kBProgress (3): 472 kB | 209 kB | 270/317 kBProgress (3): 472 kB | 209 kB | 274/317 kBProgress (3): 472 kB | 209 kB | 279/317 kBProgress (3): 472 kB | 209 kB | 283/317 kB                                          Downloaded from central: https://repo.maven.apache.org/maven2/commons-io/commons-io/2.5/commons-io-2.5.jar (209 kB at 1.3 MB/s)
Downloaded from central: https://repo.maven.apache.org/maven2/org/sonatype/sisu/sisu-guice/2.1.7/sisu-guice-2.1.7-noaop.jar (472 kB at 2.9 MB/s)
Progress (1): 287/317 kBProgress (1): 291/317 kBProgress (1): 295/317 kBProgress (1): 299/317 kBProgress (1): 303/317 kBProgress (1): 307/317 kBProgress (1): 311/317 kBProgress (1): 315/317 kBProgress (1): 317 kB                        Downloaded from central: https://repo.maven.apache.org/maven2/com/thoughtworks/qdox/qdox/2.0-M9/qdox-2.0-M9.jar (317 kB at 1.9 MB/s)
[INFO] Changes detected - recompiling the module!
[WARNING] File encoding has not been set, using platform encoding UTF-8, i.e. build is platform dependent!
[INFO] Compiling 12 source files to /home/circleci/project/target/classes
[INFO] 
[INFO] --- maven-resources-plugin:2.6:testResources (default-testResources) @ HW2 ---
[WARNING] Using platform encoding (UTF-8 actually) to copy filtered resources, i.e. build is platform dependent!
[INFO] skip non existing resourceDirectory /home/circleci/project/src/test/resources
[INFO] 
[INFO] --- maven-compiler-plugin:3.8.0:testCompile (default-testCompile) @ HW2 ---
[INFO] Changes detected - recompiling the module!
[WARNING] File encoding has not been set, using platform encoding UTF-8, i.e. build is platform dependent!
[INFO] Compiling 2 source files to /home/circleci/project/target/test-classes
[INFO] 
[INFO] --- maven-surefire-plugin:2.12.4:test (default-test) @ HW2 ---
Downloading from central: https://repo.maven.apache.org/maven2/org/apache/maven/surefire/surefire-booter/2.12.4/surefire-booter-2.12.4.pom
Progress (1): 3.0 kB                    Downloaded from central: https://repo.maven.apache.org/maven2/org/apache/maven/surefire/surefire-booter/2.12.4/surefire-booter-2.12.4.pom (3.0 kB at 505 kB/s)
Downloading from central: https://repo.maven.apache.org/maven2/org/apache/maven/surefire/surefire-api/2.12.4/surefire-api-2.12.4.pom
Progress (1): 2.5 kB                    Downloaded from central: https://repo.maven.apache.org/maven2/org/apache/maven/surefire/surefire-api/2.12.4/surefire-api-2.12.4.pom (2.5 kB at 415 kB/s)
Downloading from central: https://repo.maven.apache.org/maven2/org/apache/maven/surefire/maven-surefire-common/2.12.4/maven-surefire-common-2.12.4.pom
Progress (1): 4.1/5.5 kBProgress (1): 5.5 kB                        Downloaded from central: https://repo.maven.apache.org/maven2/org/apache/maven/surefire/maven-surefire-common/2.12.4/maven-surefire-common-2.12.4.pom (5.5 kB at 1.1 MB/s)
Downloading from central: https://repo.maven.apache.org/maven2/org/apache/maven/plugin-tools/maven-plugin-annotations/3.1/maven-plugin-annotations-3.1.pom
Progress (1): 1.6 kB                    Downloaded from central: https://repo.maven.apache.org/maven2/org/apache/maven/plugin-tools/maven-plugin-annotations/3.1/maven-plugin-annotations-3.1.pom (1.6 kB at 325 kB/s)
Downloading from central: https://repo.maven.apache.org/maven2/org/apache/maven/plugin-tools/maven-plugin-tools/3.1/maven-plugin-tools-3.1.pom
Progress (1): 4.1/16 kBProgress (1): 8.2/16 kBProgress (1): 12/16 kB Progress (1): 16 kB                      Downloaded from central: https://repo.maven.apache.org/maven2/org/apache/maven/plugin-tools/maven-plugin-tools/3.1/maven-plugin-tools-3.1.pom (16 kB at 2.7 MB/s)
Downloading from central: https://repo.maven.apache.org/maven2/org/apache/maven/maven-toolchain/2.0.9/maven-toolchain-2.0.9.pom
Progress (1): 3.5 kB                    Downloaded from central: https://repo.maven.apache.org/maven2/org/apache/maven/maven-toolchain/2.0.9/maven-toolchain-2.0.9.pom (3.5 kB at 695 kB/s)
Downloading from central: https://repo.maven.apache.org/maven2/org/apache/commons/commons-lang3/3.1/commons-lang3-3.1.pom
Progress (1): 4.1/17 kBProgress (1): 8.2/17 kBProgress (1): 12/17 kB Progress (1): 16/17 kBProgress (1): 17 kB                      Downloaded from central: https://repo.maven.apache.org/maven2/org/apache/commons/commons-lang3/3.1/commons-lang3-3.1.pom (17 kB at 2.4 MB/s)
Downloading from central: https://repo.maven.apache.org/maven2/org/apache/commons/commons-parent/22/commons-parent-22.pom
Progress (1): 4.1/42 kBProgress (1): 8.2/42 kBProgress (1): 12/42 kB Progress (1): 16/42 kBProgress (1): 20/42 kBProgress (1): 25/42 kBProgress (1): 29/42 kBProgress (1): 33/42 kBProgress (1): 37/42 kBProgress (1): 41/42 kBProgress (1): 42 kB                      Downloaded from central: https://repo.maven.apache.org/maven2/org/apache/commons/commons-parent/22/commons-parent-22.pom (42 kB at 4.2 MB/s)
Downloading from central: https://repo.maven.apache.org/maven2/org/apache/apache/9/apache-9.pom
Progress (1): 4.1/15 kBProgress (1): 8.2/15 kBProgress (1): 12/15 kB Progress (1): 15 kB                      Downloaded from central: https://repo.maven.apache.org/maven2/org/apache/apache/9/apache-9.pom (15 kB at 1.7 MB/s)
Downloading from central: https://repo.maven.apache.org/maven2/org/apache/maven/shared/maven-common-artifact-filters/1.3/maven-common-artifact-filters-1.3.pom
Progress (1): 3.7 kB                    Downloaded from central: https://repo.maven.apache.org/maven2/org/apache/maven/shared/maven-common-artifact-filters/1.3/maven-common-artifact-filters-1.3.pom (3.7 kB at 740 kB/s)
Downloading from central: https://repo.maven.apache.org/maven2/org/apache/maven/surefire/surefire-api/2.12.4/surefire-api-2.12.4.jar
Downloading from central: https://repo.maven.apache.org/maven2/org/apache/maven/shared/maven-common-artifact-filters/1.3/maven-common-artifact-filters-1.3.jar
Downloading from central: https://repo.maven.apache.org/maven2/org/apache/commons/commons-lang3/3.1/commons-lang3-3.1.jar
Downloading from central: https://repo.maven.apache.org/maven2/org/apache/maven/reporting/maven-reporting-api/2.0.9/maven-reporting-api-2.0.9.jar
Progress (1): 4.1/31 kBProgress (2): 4.1/31 kB | 4.1/118 kBProgress (2): 8.2/31 kB | 4.1/118 kBProgress (2): 8.2/31 kB | 8.2/118 kBProgress (3): 8.2/31 kB | 8.2/118 kB | 4.1/10 kBProgress (3): 8.2/31 kB | 12/118 kB | 4.1/10 kB Progress (3): 12/31 kB | 12/118 kB | 4.1/10 kB Progress (4): 12/31 kB | 12/118 kB | 4.1/10 kB | 4.1/316 kBProgress (4): 16/31 kB | 12/118 kB | 4.1/10 kB | 4.1/316 kBProgress (4): 16/31 kB | 16/118 kB | 4.1/10 kB | 4.1/316 kBProgress (4): 16/31 kB | 16/118 kB | 8.2/10 kB | 4.1/316 kBProgress (4): 16/31 kB | 20/118 kB | 8.2/10 kB | 4.1/316 kBProgress (4): 20/31 kB | 20/118 kB | 8.2/10 kB | 4.1/316 kBProgress (4): 20/31 kB | 20/118 kB | 8.2/10 kB | 8.2/316 kBProgress (4): 25/31 kB | 20/118 kB | 8.2/10 kB | 8.2/316 kBProgress (4): 25/31 kB | 25/118 kB | 8.2/10 kB | 8.2/316 kBProgress (4): 25/31 kB | 25/118 kB | 10 kB | 8.2/316 kB    Progress (4): 25/31 kB | 29/118 kB | 10 kB | 8.2/316 kBProgress (4): 29/31 kB | 29/118 kB | 10 kB | 8.2/316 kBProgress (4): 29/31 kB | 29/118 kB | 10 kB | 12/316 kB Progress (4): 31 kB | 29/118 kB | 10 kB | 12/316 kB   Progress (4): 31 kB | 33/118 kB | 10 kB | 12/316 kBProgress (4): 31 kB | 33/118 kB | 10 kB | 16/316 kBProgress (4): 31 kB | 37/118 kB | 10 kB | 16/316 kBProgress (4): 31 kB | 37/118 kB | 10 kB | 20/316 kBProgress (4): 31 kB | 41/118 kB | 10 kB | 20/316 kBProgress (4): 31 kB | 41/118 kB | 10 kB | 25/316 kBProgress (4): 31 kB | 45/118 kB | 10 kB | 25/316 kBProgress (4): 31 kB | 45/118 kB | 10 kB | 29/316 kBProgress (4): 31 kB | 49/118 kB | 10 kB | 29/316 kBProgress (4): 31 kB | 49/118 kB | 10 kB | 33/316 kBProgress (4): 31 kB | 53/118 kB | 10 kB | 33/316 kBProgress (4): 31 kB | 53/118 kB | 10 kB | 37/316 kB                                                   Downloaded from central: https://repo.maven.apache.org/maven2/org/apache/maven/reporting/maven-reporting-api/2.0.9/maven-reporting-api-2.0.9.jar (10 kB at 1.1 MB/s)
Downloaded from central: https://repo.maven.apache.org/maven2/org/apache/maven/shared/maven-common-artifact-filters/1.3/maven-common-artifact-filters-1.3.jar (31 kB at 3.5 MB/s)
Progress (2): 53/118 kB | 41/316 kBProgress (2): 57/118 kB | 41/316 kBProgress (2): 57/118 kB | 45/316 kBProgress (2): 61/118 kB | 45/316 kBProgress (2): 61/118 kB | 49/316 kBProgress (2): 66/118 kB | 49/316 kBProgress (2): 66/118 kB | 53/316 kBProgress (2): 70/118 kB | 53/316 kBProgress (2): 70/118 kB | 57/316 kBProgress (2): 74/118 kB | 57/316 kBProgress (2): 74/118 kB | 61/316 kBProgress (2): 78/118 kB | 61/316 kBProgress (2): 82/118 kB | 61/316 kBProgress (2): 82/118 kB | 66/316 kBProgress (2): 86/118 kB | 66/316 kBProgress (2): 86/118 kB | 70/316 kBProgress (2): 90/118 kB | 70/316 kBProgress (2): 90/118 kB | 74/316 kBProgress (2): 94/118 kB | 74/316 kBProgress (2): 94/118 kB | 78/316 kBProgress (2): 98/118 kB | 78/316 kBProgress (2): 98/118 kB | 82/316 kBProgress (2): 102/118 kB | 82/316 kBProgress (2): 102/118 kB | 86/316 kBProgress (2): 106/118 kB | 86/316 kBProgress (2): 106/118 kB | 90/316 kBProgress (2): 111/118 kB | 90/316 kBProgress (2): 111/118 kB | 94/316 kBProgress (2): 115/118 kB | 94/316 kBProgress (2): 115/118 kB | 98/316 kBProgress (2): 118 kB | 98/316 kB    Progress (2): 118 kB | 102/316 kBProgress (2): 118 kB | 106/316 kBProgress (2): 118 kB | 111/316 kBProgress (2): 118 kB | 115/316 kBProgress (2): 118 kB | 119/316 kBProgress (2): 118 kB | 123/316 kBProgress (2): 118 kB | 127/316 kBProgress (2): 118 kB | 131/316 kBProgress (2): 118 kB | 135/316 kBProgress (2): 118 kB | 139/316 kBProgress (2): 118 kB | 143/316 kBProgress (2): 118 kB | 147/316 kBProgress (2): 118 kB | 152/316 kBProgress (2): 118 kB | 156/316 kBProgress (2): 118 kB | 160/316 kBProgress (2): 118 kB | 164/316 kB                                 Downloaded from central: https://repo.maven.apache.org/maven2/org/apache/maven/surefire/surefire-api/2.12.4/surefire-api-2.12.4.jar (118 kB at 7.8 MB/s)
Progress (1): 168/316 kBProgress (1): 172/316 kBProgress (1): 176/316 kBProgress (1): 180/316 kBProgress (1): 184/316 kBProgress (1): 188/316 kBProgress (1): 193/316 kBProgress (1): 197/316 kBProgress (1): 201/316 kBProgress (1): 205/316 kBProgress (1): 209/316 kBProgress (1): 213/316 kBProgress (1): 217/316 kBProgress (1): 221/316 kBProgress (1): 225/316 kBProgress (1): 229/316 kBProgress (1): 233/316 kBProgress (1): 238/316 kBProgress (1): 242/316 kBProgress (1): 246/316 kBProgress (1): 250/316 kBProgress (1): 254/316 kBProgress (1): 258/316 kBProgress (1): 262/316 kBProgress (1): 266/316 kBProgress (1): 270/316 kBProgress (1): 274/316 kBProgress (1): 279/316 kBProgress (1): 283/316 kBProgress (1): 287/316 kBProgress (1): 291/316 kBProgress (1): 295/316 kBProgress (1): 299/316 kBProgress (1): 303/316 kBProgress (1): 307/316 kBProgress (1): 311/316 kBProgress (1): 315/316 kBProgress (1): 316 kB                        Downloaded from central: https://repo.maven.apache.org/maven2/org/apache/commons/commons-lang3/3.1/commons-lang3-3.1.jar (316 kB at 14 MB/s)
[INFO] Surefire report directory: /home/circleci/project/target/surefire-reports
Downloading from central: https://repo.maven.apache.org/maven2/org/apache/maven/surefire/surefire-junit4/2.12.4/surefire-junit4-2.12.4.pom
Progress (1): 2.4 kB                    Downloaded from central: https://repo.maven.apache.org/maven2/org/apache/maven/surefire/surefire-junit4/2.12.4/surefire-junit4-2.12.4.pom (2.4 kB at 602 kB/s)
Downloading from central: https://repo.maven.apache.org/maven2/org/apache/maven/surefire/surefire-providers/2.12.4/surefire-providers-2.12.4.pom
Progress (1): 2.3 kB                    Downloaded from central: https://repo.maven.apache.org/maven2/org/apache/maven/surefire/surefire-providers/2.12.4/surefire-providers-2.12.4.pom (2.3 kB at 587 kB/s)
Downloading from central: https://repo.maven.apache.org/maven2/org/apache/maven/surefire/surefire-junit4/2.12.4/surefire-junit4-2.12.4.jar
Progress (1): 4.1/37 kBProgress (1): 8.2/37 kBProgress (1): 12/37 kB Progress (1): 16/37 kBProgress (1): 20/37 kBProgress (1): 25/37 kBProgress (1): 29/37 kBProgress (1): 33/37 kBProgress (1): 37/37 kBProgress (1): 37 kB                      Downloaded from central: https://repo.maven.apache.org/maven2/org/apache/maven/surefire/surefire-junit4/2.12.4/surefire-junit4-2.12.4.jar (37 kB at 6.2 MB/s)

-------------------------------------------------------
 T E S T S
-------------------------------------------------------
Running school.CourseTest
Tests run: 8, Failures: 0, Errors: 0, Skipped: 0, Time elapsed: 0.428 sec
Running Services.PublicHolidayServiceTest
log4j:WARN No appenders could be found for logger (wiremock.org.eclipse.jetty.util.log).
log4j:WARN Please initialize the log4j system properly.
log4j:WARN See http://logging.apache.org/log4j/1.2/faq.html#noconfig for more info.
Tests run: 6, Failures: 0, Errors: 6, Skipped: 0, Time elapsed: 0.51 sec <<< FAILURE!
processes_api_response_with_blank_array(Services.PublicHolidayServiceTest)  Time elapsed: 0.048 sec  <<< ERROR!
com.github.tomakehurst.wiremock.common.FatalStartupException: java.lang.RuntimeException: java.net.SocketException: Permission denied
	at com.github.tomakehurst.wiremock.WireMockServer.start(WireMockServer.java:148)
	at com.github.tomakehurst.wiremock.junit.WireMockRule$1.evaluate(WireMockRule.java:69)
	at org.junit.rules.RunRules.evaluate(RunRules.java:20)
	at org.junit.runners.ParentRunner.runLeaf(ParentRunner.java:325)
	at org.junit.runners.BlockJUnit4ClassRunner.runChild(BlockJUnit4ClassRunner.java:78)
	at org.junit.runners.BlockJUnit4ClassRunner.runChild(BlockJUnit4ClassRunner.java:57)
	at org.junit.runners.ParentRunner$3.run(ParentRunner.java:290)
	at org.junit.runners.ParentRunner$1.schedule(ParentRunner.java:71)
	at org.junit.runners.ParentRunner.runChildren(ParentRunner.java:288)
	at org.junit.runners.ParentRunner.access$000(ParentRunner.java:58)
	at org.junit.runners.ParentRunner$2.evaluate(ParentRunner.java:268)
	at org.junit.runners.ParentRunner.run(ParentRunner.java:363)
	at org.apache.maven.surefire.junit4.JUnit4Provider.execute(JUnit4Provider.java:252)
	at org.apache.maven.surefire.junit4.JUnit4Provider.executeTestSet(JUnit4Provider.java:141)
	at org.apache.maven.surefire.junit4.JUnit4Provider.invoke(JUnit4Provider.java:112)
	at sun.reflect.NativeMethodAccessorImpl.invoke0(Native Method)
	at sun.reflect.NativeMethodAccessorImpl.invoke(NativeMethodAccessorImpl.java:62)
	at sun.reflect.DelegatingMethodAccessorImpl.invoke(DelegatingMethodAccessorImpl.java:43)
	at java.lang.reflect.Method.invoke(Method.java:498)
	at org.apache.maven.surefire.util.ReflectionUtils.invokeMethodWithArray(ReflectionUtils.java:189)
	at org.apache.maven.surefire.booter.ProviderFactory$ProviderProxy.invoke(ProviderFactory.java:165)
	at org.apache.maven.surefire.booter.ProviderFactory.invokeProvider(ProviderFactory.java:85)
	at org.apache.maven.surefire.booter.ForkedBooter.runSuitesInProcess(ForkedBooter.java:115)
	at org.apache.maven.surefire.booter.ForkedBooter.main(ForkedBooter.java:75)
Caused by: java.lang.RuntimeException: java.net.SocketException: Permission denied
	at com.github.tomakehurst.wiremock.jetty9.JettyHttpServer.start(JettyHttpServer.java:191)
	at com.github.tomakehurst.wiremock.WireMockServer.start(WireMockServer.java:146)
	... 23 more
Caused by: java.net.SocketException: Permission denied
	at sun.nio.ch.Net.bind0(Native Method)
	at sun.nio.ch.Net.bind(Net.java:433)
	at sun.nio.ch.Net.bind(Net.java:425)
	at sun.nio.ch.ServerSocketChannelImpl.bind(ServerSocketChannelImpl.java:220)
	at sun.nio.ch.ServerSocketAdaptor.bind(ServerSocketAdaptor.java:85)
	at wiremock.org.eclipse.jetty.server.ServerConnector.openAcceptChannel(ServerConnector.java:342)
	at wiremock.org.eclipse.jetty.server.ServerConnector.open(ServerConnector.java:307)
	at wiremock.org.eclipse.jetty.server.AbstractNetworkConnector.doStart(AbstractNetworkConnector.java:80)
	at wiremock.org.eclipse.jetty.server.ServerConnector.doStart(ServerConnector.java:231)
	at wiremock.org.eclipse.jetty.util.component.AbstractLifeCycle.start(AbstractLifeCycle.java:72)
	at wiremock.org.eclipse.jetty.server.Server.doStart(Server.java:385)
	at wiremock.org.eclipse.jetty.util.component.AbstractLifeCycle.start(AbstractLifeCycle.java:72)
	at com.github.tomakehurst.wiremock.jetty9.JettyHttpServer.start(JettyHttpServer.java:189)
	... 24 more

processes_api_response_with_bad_response_status(Services.PublicHolidayServiceTest)  Time elapsed: 0.006 sec  <<< ERROR!
com.github.tomakehurst.wiremock.common.FatalStartupException: java.lang.RuntimeException: java.net.SocketException: Permission denied
	at com.github.tomakehurst.wiremock.WireMockServer.start(WireMockServer.java:148)
	at com.github.tomakehurst.wiremock.junit.WireMockRule$1.evaluate(WireMockRule.java:69)
	at org.junit.rules.RunRules.evaluate(RunRules.java:20)
	at org.junit.runners.ParentRunner.runLeaf(ParentRunner.java:325)
	at org.junit.runners.BlockJUnit4ClassRunner.runChild(BlockJUnit4ClassRunner.java:78)
	at org.junit.runners.BlockJUnit4ClassRunner.runChild(BlockJUnit4ClassRunner.java:57)
	at org.junit.runners.ParentRunner$3.run(ParentRunner.java:290)
	at org.junit.runners.ParentRunner$1.schedule(ParentRunner.java:71)
	at org.junit.runners.ParentRunner.runChildren(ParentRunner.java:288)
	at org.junit.runners.ParentRunner.access$000(ParentRunner.java:58)
	at org.junit.runners.ParentRunner$2.evaluate(ParentRunner.java:268)
	at org.junit.runners.ParentRunner.run(ParentRunner.java:363)
	at org.apache.maven.surefire.junit4.JUnit4Provider.execute(JUnit4Provider.java:252)
	at org.apache.maven.surefire.junit4.JUnit4Provider.executeTestSet(JUnit4Provider.java:141)
	at org.apache.maven.surefire.junit4.JUnit4Provider.invoke(JUnit4Provider.java:112)
	at sun.reflect.NativeMethodAccessorImpl.invoke0(Native Method)
	at sun.reflect.NativeMethodAccessorImpl.invoke(NativeMethodAccessorImpl.java:62)
	at sun.reflect.DelegatingMethodAccessorImpl.invoke(DelegatingMethodAccessorImpl.java:43)
	at java.lang.reflect.Method.invoke(Method.java:498)
	at org.apache.maven.surefire.util.ReflectionUtils.invokeMethodWithArray(ReflectionUtils.java:189)
	at org.apache.maven.surefire.booter.ProviderFactory$ProviderProxy.invoke(ProviderFactory.java:165)
	at org.apache.maven.surefire.booter.ProviderFactory.invokeProvider(ProviderFactory.java:85)
	at org.apache.maven.surefire.booter.ForkedBooter.runSuitesInProcess(ForkedBooter.java:115)
	at org.apache.maven.surefire.booter.ForkedBooter.main(ForkedBooter.java:75)
Caused by: java.lang.RuntimeException: java.net.SocketException: Permission denied
	at com.github.tomakehurst.wiremock.jetty9.JettyHttpServer.start(JettyHttpServer.java:191)
	at com.github.tomakehurst.wiremock.WireMockServer.start(WireMockServer.java:146)
	... 23 more
Caused by: java.net.SocketException: Permission denied
	at sun.nio.ch.Net.bind0(Native Method)
	at sun.nio.ch.Net.bind(Net.java:433)
	at sun.nio.ch.Net.bind(Net.java:425)
	at sun.nio.ch.ServerSocketChannelImpl.bind(ServerSocketChannelImpl.java:220)
	at sun.nio.ch.ServerSocketAdaptor.bind(ServerSocketAdaptor.java:85)
	at wiremock.org.eclipse.jetty.server.ServerConnector.openAcceptChannel(ServerConnector.java:342)
	at wiremock.org.eclipse.jetty.server.ServerConnector.open(ServerConnector.java:307)
	at wiremock.org.eclipse.jetty.server.AbstractNetworkConnector.doStart(AbstractNetworkConnector.java:80)
	at wiremock.org.eclipse.jetty.server.ServerConnector.doStart(ServerConnector.java:231)
	at wiremock.org.eclipse.jetty.util.component.AbstractLifeCycle.start(AbstractLifeCycle.java:72)
	at wiremock.org.eclipse.jetty.server.Server.doStart(Server.java:385)
	at wiremock.org.eclipse.jetty.util.component.AbstractLifeCycle.start(AbstractLifeCycle.java:72)
	at com.github.tomakehurst.wiremock.jetty9.JettyHttpServer.start(JettyHttpServer.java:189)
	... 24 more

throws_exception_on_invalid_JSON(Services.PublicHolidayServiceTest)  Time elapsed: 0.009 sec  <<< ERROR!
com.github.tomakehurst.wiremock.common.FatalStartupException: java.lang.RuntimeException: java.net.SocketException: Permission denied
	at com.github.tomakehurst.wiremock.WireMockServer.start(WireMockServer.java:148)
	at com.github.tomakehurst.wiremock.junit.WireMockRule$1.evaluate(WireMockRule.java:69)
	at org.junit.rules.RunRules.evaluate(RunRules.java:20)
	at org.junit.runners.ParentRunner.runLeaf(ParentRunner.java:325)
	at org.junit.runners.BlockJUnit4ClassRunner.runChild(BlockJUnit4ClassRunner.java:78)
	at org.junit.runners.BlockJUnit4ClassRunner.runChild(BlockJUnit4ClassRunner.java:57)
	at org.junit.runners.ParentRunner$3.run(ParentRunner.java:290)
	at org.junit.runners.ParentRunner$1.schedule(ParentRunner.java:71)
	at org.junit.runners.ParentRunner.runChildren(ParentRunner.java:288)
	at org.junit.runners.ParentRunner.access$000(ParentRunner.java:58)
	at org.junit.runners.ParentRunner$2.evaluate(ParentRunner.java:268)
	at org.junit.runners.ParentRunner.run(ParentRunner.java:363)
	at org.apache.maven.surefire.junit4.JUnit4Provider.execute(JUnit4Provider.java:252)
	at org.apache.maven.surefire.junit4.JUnit4Provider.executeTestSet(JUnit4Provider.java:141)
	at org.apache.maven.surefire.junit4.JUnit4Provider.invoke(JUnit4Provider.java:112)
	at sun.reflect.NativeMethodAccessorImpl.invoke0(Native Method)
	at sun.reflect.NativeMethodAccessorImpl.invoke(NativeMethodAccessorImpl.java:62)
	at sun.reflect.DelegatingMethodAccessorImpl.invoke(DelegatingMethodAccessorImpl.java:43)
	at java.lang.reflect.Method.invoke(Method.java:498)
	at org.apache.maven.surefire.util.ReflectionUtils.invokeMethodWithArray(ReflectionUtils.java:189)
	at org.apache.maven.surefire.booter.ProviderFactory$ProviderProxy.invoke(ProviderFactory.java:165)
	at org.apache.maven.surefire.booter.ProviderFactory.invokeProvider(ProviderFactory.java:85)
	at org.apache.maven.surefire.booter.ForkedBooter.runSuitesInProcess(ForkedBooter.java:115)
	at org.apache.maven.surefire.booter.ForkedBooter.main(ForkedBooter.java:75)
Caused by: java.lang.RuntimeException: java.net.SocketException: Permission denied
	at com.github.tomakehurst.wiremock.jetty9.JettyHttpServer.start(JettyHttpServer.java:191)
	at com.github.tomakehurst.wiremock.WireMockServer.start(WireMockServer.java:146)
	... 23 more
Caused by: java.net.SocketException: Permission denied
	at sun.nio.ch.Net.bind0(Native Method)
	at sun.nio.ch.Net.bind(Net.java:433)
	at sun.nio.ch.Net.bind(Net.java:425)
	at sun.nio.ch.ServerSocketChannelImpl.bind(ServerSocketChannelImpl.java:220)
	at sun.nio.ch.ServerSocketAdaptor.bind(ServerSocketAdaptor.java:85)
	at wiremock.org.eclipse.jetty.server.ServerConnector.openAcceptChannel(ServerConnector.java:342)
	at wiremock.org.eclipse.jetty.server.ServerConnector.open(ServerConnector.java:307)
	at wiremock.org.eclipse.jetty.server.AbstractNetworkConnector.doStart(AbstractNetworkConnector.java:80)
	at wiremock.org.eclipse.jetty.server.ServerConnector.doStart(ServerConnector.java:231)
	at wiremock.org.eclipse.jetty.util.component.AbstractLifeCycle.start(AbstractLifeCycle.java:72)
	at wiremock.org.eclipse.jetty.server.Server.doStart(Server.java:385)
	at wiremock.org.eclipse.jetty.util.component.AbstractLifeCycle.start(AbstractLifeCycle.java:72)
	at com.github.tomakehurst.wiremock.jetty9.JettyHttpServer.start(JettyHttpServer.java:189)
	... 24 more

processes_api_response_with_blank_JSON_object(Services.PublicHolidayServiceTest)  Time elapsed: 0.018 sec  <<< ERROR!
com.github.tomakehurst.wiremock.common.FatalStartupException: java.lang.RuntimeException: java.net.SocketException: Permission denied
	at com.github.tomakehurst.wiremock.WireMockServer.start(WireMockServer.java:148)
	at com.github.tomakehurst.wiremock.junit.WireMockRule$1.evaluate(WireMockRule.java:69)
	at org.junit.rules.RunRules.evaluate(RunRules.java:20)
	at org.junit.runners.ParentRunner.runLeaf(ParentRunner.java:325)
	at org.junit.runners.BlockJUnit4ClassRunner.runChild(BlockJUnit4ClassRunner.java:78)
	at org.junit.runners.BlockJUnit4ClassRunner.runChild(BlockJUnit4ClassRunner.java:57)
	at org.junit.runners.ParentRunner$3.run(ParentRunner.java:290)
	at org.junit.runners.ParentRunner$1.schedule(ParentRunner.java:71)
	at org.junit.runners.ParentRunner.runChildren(ParentRunner.java:288)
	at org.junit.runners.ParentRunner.access$000(ParentRunner.java:58)
	at org.junit.runners.ParentRunner$2.evaluate(ParentRunner.java:268)
	at org.junit.runners.ParentRunner.run(ParentRunner.java:363)
	at org.apache.maven.surefire.junit4.JUnit4Provider.execute(JUnit4Provider.java:252)
	at org.apache.maven.surefire.junit4.JUnit4Provider.executeTestSet(JUnit4Provider.java:141)
	at org.apache.maven.surefire.junit4.JUnit4Provider.invoke(JUnit4Provider.java:112)
	at sun.reflect.NativeMethodAccessorImpl.invoke0(Native Method)
	at sun.reflect.NativeMethodAccessorImpl.invoke(NativeMethodAccessorImpl.java:62)
	at sun.reflect.DelegatingMethodAccessorImpl.invoke(DelegatingMethodAccessorImpl.java:43)
	at java.lang.reflect.Method.invoke(Method.java:498)
	at org.apache.maven.surefire.util.ReflectionUtils.invokeMethodWithArray(ReflectionUtils.java:189)
	at org.apache.maven.surefire.booter.ProviderFactory$ProviderProxy.invoke(ProviderFactory.java:165)
	at org.apache.maven.surefire.booter.ProviderFactory.invokeProvider(ProviderFactory.java:85)
	at org.apache.maven.surefire.booter.ForkedBooter.runSuitesInProcess(ForkedBooter.java:115)
	at org.apache.maven.surefire.booter.ForkedBooter.main(ForkedBooter.java:75)
Caused by: java.lang.RuntimeException: java.net.SocketException: Permission denied
	at com.github.tomakehurst.wiremock.jetty9.JettyHttpServer.start(JettyHttpServer.java:191)
	at com.github.tomakehurst.wiremock.WireMockServer.start(WireMockServer.java:146)
	... 23 more
Caused by: java.net.SocketException: Permission denied
	at sun.nio.ch.Net.bind0(Native Method)
	at sun.nio.ch.Net.bind(Net.java:433)
	at sun.nio.ch.Net.bind(Net.java:425)
	at sun.nio.ch.ServerSocketChannelImpl.bind(ServerSocketChannelImpl.java:220)
	at sun.nio.ch.ServerSocketAdaptor.bind(ServerSocketAdaptor.java:85)
	at wiremock.org.eclipse.jetty.server.ServerConnector.openAcceptChannel(ServerConnector.java:342)
	at wiremock.org.eclipse.jetty.server.ServerConnector.open(ServerConnector.java:307)
	at wiremock.org.eclipse.jetty.server.AbstractNetworkConnector.doStart(AbstractNetworkConnector.java:80)
	at wiremock.org.eclipse.jetty.server.ServerConnector.doStart(ServerConnector.java:231)
	at wiremock.org.eclipse.jetty.util.component.AbstractLifeCycle.start(AbstractLifeCycle.java:72)
	at wiremock.org.eclipse.jetty.server.Server.doStart(Server.java:385)
	at wiremock.org.eclipse.jetty.util.component.AbstractLifeCycle.start(AbstractLifeCycle.java:72)
	at com.github.tomakehurst.wiremock.jetty9.JettyHttpServer.start(JettyHttpServer.java:189)
	... 24 more

processes_api_response_without_date_field(Services.PublicHolidayServiceTest)  Time elapsed: 0.005 sec  <<< ERROR!
com.github.tomakehurst.wiremock.common.FatalStartupException: java.lang.RuntimeException: java.net.SocketException: Permission denied
	at com.github.tomakehurst.wiremock.WireMockServer.start(WireMockServer.java:148)
	at com.github.tomakehurst.wiremock.junit.WireMockRule$1.evaluate(WireMockRule.java:69)
	at org.junit.rules.RunRules.evaluate(RunRules.java:20)
	at org.junit.runners.ParentRunner.runLeaf(ParentRunner.java:325)
	at org.junit.runners.BlockJUnit4ClassRunner.runChild(BlockJUnit4ClassRunner.java:78)
	at org.junit.runners.BlockJUnit4ClassRunner.runChild(BlockJUnit4ClassRunner.java:57)
	at org.junit.runners.ParentRunner$3.run(ParentRunner.java:290)
	at org.junit.runners.ParentRunner$1.schedule(ParentRunner.java:71)
	at org.junit.runners.ParentRunner.runChildren(ParentRunner.java:288)
	at org.junit.runners.ParentRunner.access$000(ParentRunner.java:58)
	at org.junit.runners.ParentRunner$2.evaluate(ParentRunner.java:268)
	at org.junit.runners.ParentRunner.run(ParentRunner.java:363)
	at org.apache.maven.surefire.junit4.JUnit4Provider.execute(JUnit4Provider.java:252)
	at org.apache.maven.surefire.junit4.JUnit4Provider.executeTestSet(JUnit4Provider.java:141)
	at org.apache.maven.surefire.junit4.JUnit4Provider.invoke(JUnit4Provider.java:112)
	at sun.reflect.NativeMethodAccessorImpl.invoke0(Native Method)
	at sun.reflect.NativeMethodAccessorImpl.invoke(NativeMethodAccessorImpl.java:62)
	at sun.reflect.DelegatingMethodAccessorImpl.invoke(DelegatingMethodAccessorImpl.java:43)
	at java.lang.reflect.Method.invoke(Method.java:498)
	at org.apache.maven.surefire.util.ReflectionUtils.invokeMethodWithArray(ReflectionUtils.java:189)
	at org.apache.maven.surefire.booter.ProviderFactory$ProviderProxy.invoke(ProviderFactory.java:165)
	at org.apache.maven.surefire.booter.ProviderFactory.invokeProvider(ProviderFactory.java:85)
	at org.apache.maven.surefire.booter.ForkedBooter.runSuitesInProcess(ForkedBooter.java:115)
	at org.apache.maven.surefire.booter.ForkedBooter.main(ForkedBooter.java:75)
Caused by: java.lang.RuntimeException: java.net.SocketException: Permission denied
	at com.github.tomakehurst.wiremock.jetty9.JettyHttpServer.start(JettyHttpServer.java:191)
	at com.github.tomakehurst.wiremock.WireMockServer.start(WireMockServer.java:146)
	... 23 more
Caused by: java.net.SocketException: Permission denied
	at sun.nio.ch.Net.bind0(Native Method)
	at sun.nio.ch.Net.bind(Net.java:433)
	at sun.nio.ch.Net.bind(Net.java:425)
	at sun.nio.ch.ServerSocketChannelImpl.bind(ServerSocketChannelImpl.java:220)
	at sun.nio.ch.ServerSocketAdaptor.bind(ServerSocketAdaptor.java:85)
	at wiremock.org.eclipse.jetty.server.ServerConnector.openAcceptChannel(ServerConnector.java:342)
	at wiremock.org.eclipse.jetty.server.ServerConnector.open(ServerConnector.java:307)
	at wiremock.org.eclipse.jetty.server.AbstractNetworkConnector.doStart(AbstractNetworkConnector.java:80)
	at wiremock.org.eclipse.jetty.server.ServerConnector.doStart(ServerConnector.java:231)
	at wiremock.org.eclipse.jetty.util.component.AbstractLifeCycle.start(AbstractLifeCycle.java:72)
	at wiremock.org.eclipse.jetty.server.Server.doStart(Server.java:385)
	at wiremock.org.eclipse.jetty.util.component.AbstractLifeCycle.start(AbstractLifeCycle.java:72)
	at com.github.tomakehurst.wiremock.jetty9.JettyHttpServer.start(JettyHttpServer.java:189)
	... 24 more

processes_api_normal_response(Services.PublicHolidayServiceTest)  Time elapsed: 0.004 sec  <<< ERROR!
com.github.tomakehurst.wiremock.common.FatalStartupException: java.lang.RuntimeException: java.net.SocketException: Permission denied
	at com.github.tomakehurst.wiremock.WireMockServer.start(WireMockServer.java:148)
	at com.github.tomakehurst.wiremock.junit.WireMockRule$1.evaluate(WireMockRule.java:69)
	at org.junit.rules.RunRules.evaluate(RunRules.java:20)
	at org.junit.runners.ParentRunner.runLeaf(ParentRunner.java:325)
	at org.junit.runners.BlockJUnit4ClassRunner.runChild(BlockJUnit4ClassRunner.java:78)
	at org.junit.runners.BlockJUnit4ClassRunner.runChild(BlockJUnit4ClassRunner.java:57)
	at org.junit.runners.ParentRunner$3.run(ParentRunner.java:290)
	at org.junit.runners.ParentRunner$1.schedule(ParentRunner.java:71)
	at org.junit.runners.ParentRunner.runChildren(ParentRunner.java:288)
	at org.junit.runners.ParentRunner.access$000(ParentRunner.java:58)
	at org.junit.runners.ParentRunner$2.evaluate(ParentRunner.java:268)
	at org.junit.runners.ParentRunner.run(ParentRunner.java:363)
	at org.apache.maven.surefire.junit4.JUnit4Provider.execute(JUnit4Provider.java:252)
	at org.apache.maven.surefire.junit4.JUnit4Provider.executeTestSet(JUnit4Provider.java:141)
	at org.apache.maven.surefire.junit4.JUnit4Provider.invoke(JUnit4Provider.java:112)
	at sun.reflect.NativeMethodAccessorImpl.invoke0(Native Method)
	at sun.reflect.NativeMethodAccessorImpl.invoke(NativeMethodAccessorImpl.java:62)
	at sun.reflect.DelegatingMethodAccessorImpl.invoke(DelegatingMethodAccessorImpl.java:43)
	at java.lang.reflect.Method.invoke(Method.java:498)
	at org.apache.maven.surefire.util.ReflectionUtils.invokeMethodWithArray(ReflectionUtils.java:189)
	at org.apache.maven.surefire.booter.ProviderFactory$ProviderProxy.invoke(ProviderFactory.java:165)
	at org.apache.maven.surefire.booter.ProviderFactory.invokeProvider(ProviderFactory.java:85)
	at org.apache.maven.surefire.booter.ForkedBooter.runSuitesInProcess(ForkedBooter.java:115)
	at org.apache.maven.surefire.booter.ForkedBooter.main(ForkedBooter.java:75)
Caused by: java.lang.RuntimeException: java.net.SocketException: Permission denied
	at com.github.tomakehurst.wiremock.jetty9.JettyHttpServer.start(JettyHttpServer.java:191)
	at com.github.tomakehurst.wiremock.WireMockServer.start(WireMockServer.java:146)
	... 23 more
Caused by: java.net.SocketException: Permission denied
	at sun.nio.ch.Net.bind0(Native Method)
	at sun.nio.ch.Net.bind(Net.java:433)
	at sun.nio.ch.Net.bind(Net.java:425)
	at sun.nio.ch.ServerSocketChannelImpl.bind(ServerSocketChannelImpl.java:220)
	at sun.nio.ch.ServerSocketAdaptor.bind(ServerSocketAdaptor.java:85)
	at wiremock.org.eclipse.jetty.server.ServerConnector.openAcceptChannel(ServerConnector.java:342)
	at wiremock.org.eclipse.jetty.server.ServerConnector.open(ServerConnector.java:307)
	at wiremock.org.eclipse.jetty.server.AbstractNetworkConnector.doStart(AbstractNetworkConnector.java:80)
	at wiremock.org.eclipse.jetty.server.ServerConnector.doStart(ServerConnector.java:231)
	at wiremock.org.eclipse.jetty.util.component.AbstractLifeCycle.start(AbstractLifeCycle.java:72)
	at wiremock.org.eclipse.jetty.server.Server.doStart(Server.java:385)
	at wiremock.org.eclipse.jetty.util.component.AbstractLifeCycle.start(AbstractLifeCycle.java:72)
	at com.github.tomakehurst.wiremock.jetty9.JettyHttpServer.start(JettyHttpServer.java:189)
	... 24 more


Results :

Tests in error: 
  processes_api_response_with_blank_array(Services.PublicHolidayServiceTest): java.lang.RuntimeException: java.net.SocketException: Permission denied
  processes_api_response_with_bad_response_status(Services.PublicHolidayServiceTest): java.lang.RuntimeException: java.net.SocketException: Permission denied
  throws_exception_on_invalid_JSON(Services.PublicHolidayServiceTest): java.lang.RuntimeException: java.net.SocketException: Permission denied
  processes_api_response_with_blank_JSON_object(Services.PublicHolidayServiceTest): java.lang.RuntimeException: java.net.SocketException: Permission denied
  processes_api_response_without_date_field(Services.PublicHolidayServiceTest): java.lang.RuntimeException: java.net.SocketException: Permission denied
  processes_api_normal_response(Services.PublicHolidayServiceTest): java.lang.RuntimeException: java.net.SocketException: Permission denied

Tests run: 14, Failures: 0, Errors: 6, Skipped: 0

[INFO] ------------------------------------------------------------------------
[INFO] BUILD FAILURE
[INFO] ------------------------------------------------------------------------
[INFO] Total time:  4.209 s
[INFO] Finished at: 2020-05-18T12:11:26Z
[INFO] ------------------------------------------------------------------------
[ERROR] Failed to execute goal org.apache.maven.plugins:maven-surefire-plugin:2.12.4:test (default-test) on project HW2: There are test failures.
[ERROR] 
[ERROR] Please refer to /home/circleci/project/target/surefire-reports for the individual test results.
[ERROR] -> [Help 1]
[ERROR] 
[ERROR] To see the full stack trace of the errors, re-run Maven with the -e switch.
[ERROR] Re-run Maven using the -X switch to enable full debug logging.
[ERROR] 
[ERROR] For more information about the errors and possible solutions, please read the following articles:
[ERROR] [Help 1] http://cwiki.apache.org/confluence/display/MAVEN/MojoFailureException

Exited with code exit status 1
